<?xml version="1.0" encoding="utf-8"?><testsuites name="pytest tests"><testsuite name="pytest" errors="13" failures="8" skipped="0" tests="1558" time="288.959" timestamp="2026-02-10T01:00:11.398757+08:00" hostname="rick137"><testcase classname="test.test_Analysis.test_image_reconstruction.TestMultiBandImageReconstruction" name="test_band_setup" file="test/test_Analysis/test_image_reconstruction.py" line="134" time="0.050" /><testcase classname="test.test_Analysis.test_image_reconstruction.TestMultiBandImageReconstruction" name="test_bands_compute" file="test/test_Analysis/test_image_reconstruction.py" line="158" time="0.032" /><testcase classname="test.test_Analysis.test_image_reconstruction.TestMultiBandImageReconstruction" name="test_not_verbose" file="test/test_Analysis/test_image_reconstruction.py" line="173" time="0.023" /><testcase classname="test.test_Analysis.test_image_reconstruction.TestMultiBandImageReconstruction" name="test_check_solver_error" file="test/test_Analysis/test_image_reconstruction.py" line="179" time="0.007" /><testcase classname="test.test_Analysis.test_image_reconstruction.TestMultiBandImageReconstruction" name="test_point_source_residuals" file="test/test_Analysis/test_image_reconstruction.py" line="186" time="0.031" /><testcase classname="test.test_Analysis.test_image_reconstruction.TestRaises" name="test_no_band" file="test/test_Analysis/test_image_reconstruction.py" line="201" time="0.001" /><testcase classname="test.test_Analysis.test_kinematics_api.TestKinematicsAPI" name="test_velocity_dispersion" file="test/test_Analysis/test_kinematics_api.py" line="16" time="0.747" /><testcase classname="test.test_Analysis.test_kinematics_api.TestKinematicsAPI" name="test_galkin_settings" file="test/test_Analysis/test_kinematics_api.py" line="170" time="0.097" /><testcase classname="test.test_Analysis.test_kinematics_api.TestKinematicsAPI" name="test_kinematic_light_profile" file="test/test_Analysis/test_kinematics_api.py" line="252" time="0.013" /><testcase classname="test.test_Analysis.test_kinematics_api.TestKinematicsAPI" name="test_kinematic_lens_profiles" file="test/test_Analysis/test_kinematics_api.py" line="306" time="0.003" /><testcase classname="test.test_Analysis.test_kinematics_api.TestKinematicsAPI" name="test_model_dispersion" file="test/test_Analysis/test_kinematics_api.py" line="345" time="2.354" /><testcase classname="test.test_Analysis.test_kinematics_api.TestKinematicsAPI" name="test_velocity_dispersion_map_direct_convolved_against_jampy" file="test/test_Analysis/test_kinematics_api.py" line="435" time="2.620" /><testcase classname="test.test_Analysis.test_kinematics_api.TestKinematicsAPI" name="test_velocity_dispersion_map" file="test/test_Analysis/test_kinematics_api.py" line="866" time="1.444" /><testcase classname="test.test_Analysis.test_kinematics_api.TestKinematicsAPI" name="test_interpolated_sersic" file="test/test_Analysis/test_kinematics_api.py" line="981" time="8.531" /><testcase classname="test.test_Analysis.test_kinematics_api.TestKinematicsAPI" name="test_copy_centers" file="test/test_Analysis/test_kinematics_api.py" line="1082" time="0.001" /><testcase classname="test.test_Analysis.test_kinematics_api.TestRaise" name="test_dispersion_map_grid_convolved_numeric_vs_analytical" file="test/test_Analysis/test_kinematics_api.py" line="1253" time="1.677" /><testcase classname="test.test_Analysis.test_kinematics_api.TestRaise" name="test_raise" file="test/test_Analysis/test_kinematics_api.py" line="1125" time="0.004" /><testcase classname="test.test_Analysis.test_lens_profile.TestLensProfileAnalysis" name="test_profile_slope" file="test/test_Analysis/test_lens_profile.py" line="15" time="0.002" /><testcase classname="test.test_Analysis.test_lens_profile.TestLensProfileAnalysis" name="test_effective_einstein_radius_grid" file="test/test_Analysis/test_lens_profile.py" line="60" time="0.445" /><testcase classname="test.test_Analysis.test_lens_profile.TestLensProfileAnalysis" name="test_effective_einstein_radius" file="test/test_Analysis/test_lens_profile.py" line="131" time="0.001" /><testcase classname="test.test_Analysis.test_lens_profile.TestLensProfileAnalysis" name="test_external_lensing_effect" file="test/test_Analysis/test_lens_profile.py" line="144" time="0.001" /><testcase classname="test.test_Analysis.test_lens_profile.TestLensProfileAnalysis" name="test_multi_gaussian_lens" file="test/test_Analysis/test_lens_profile.py" line="158" time="0.033" /><testcase classname="test.test_Analysis.test_lens_profile.TestLensProfileAnalysis" name="test_mass_fraction_within_radius" file="test/test_Analysis/test_lens_profile.py" line="188" time="0.001" /><testcase classname="test.test_Analysis.test_lens_profile.TestLensProfileAnalysis" name="test_lens_center" file="test/test_Analysis/test_lens_profile.py" line="199" time="0.001" /><testcase classname="test.test_Analysis.test_lens_profile.TestLensProfileAnalysis" name="test_mst_invariant_differential" file="test/test_Analysis/test_lens_profile.py" line="208" time="0.048" /><testcase classname="test.test_Analysis.test_lens_profile.TestLensProfileAnalysis" name="test_m_delta_crit" file="test/test_Analysis/test_lens_profile.py" line="265" time="0.009" /><testcase classname="test.test_Analysis.test_lens_profile.TestRaise" name="test_raise" file="test/test_Analysis/test_lens_profile.py" line="321" time="0.001" /><testcase classname="test.test_Analysis.test_light2mass.TestLight2Mass" name="test_light2mass_conversion" file="test/test_Analysis/test_light2mass.py" line="11" time="0.279" /><testcase classname="test.test_Analysis.test_light_profile.TestLightAnalysis" name="test_ellipticity" file="test/test_Analysis/test_light_profile.py" line="16" time="0.180" /><testcase classname="test.test_Analysis.test_light_profile.TestLightAnalysis" name="test_half_light_radius" file="test/test_Analysis/test_light_profile.py" line="132" time="0.076" /><testcase classname="test.test_Analysis.test_light_profile.TestLightAnalysis" name="test_radial_profile" file="test/test_Analysis/test_light_profile.py" line="174" time="0.004" /><testcase classname="test.test_Analysis.test_light_profile.TestLightAnalysis" name="test_multi_gaussian_decomposition" file="test/test_Analysis/test_light_profile.py" line="200" time="0.082" /><testcase classname="test.test_Analysis.test_light_profile.TestLightAnalysis" name="test_multi_gaussian_decomposition_ellipse" file="test/test_Analysis/test_light_profile.py" line="270" time="0.083" /><testcase classname="test.test_Analysis.test_light_profile.TestLightAnalysis" name="test_flux_components" file="test/test_Analysis/test_light_profile.py" line="320" time="0.075" /><testcase classname="test.test_Analysis.test_light_profile.TestRaise" name="test_raise" file="test/test_Analysis/test_light_profile.py" line="459" time="0.001" /><testcase classname="test.test_Analysis.test_multi_patch_reconstruction.TestMultiPatchReconstruction" name="test_pixel_grid" file="test/test_Analysis/test_multi_patch_reconstruction.py" line="181" time="0.031" /><testcase classname="test.test_Analysis.test_multi_patch_reconstruction.TestMultiPatchReconstruction" name="test_image_joint" file="test/test_Analysis/test_multi_patch_reconstruction.py" line="187" time="0.031" /><testcase classname="test.test_Analysis.test_multi_patch_reconstruction.TestMultiPatchReconstruction" name="test_lens_model_joint" file="test/test_Analysis/test_multi_patch_reconstruction.py" line="216" time="0.044" /><testcase classname="test.test_Analysis.test_multi_patch_reconstruction.TestMultiPatchReconstruction" name="test_source" file="test/test_Analysis/test_multi_patch_reconstruction.py" line="245" time="0.031" /><testcase classname="test.test_Analysis.test_multi_patch_reconstruction.TestMultiPatchReconstruction" name="test__update_frame_size" file="test/test_Analysis/test_multi_patch_reconstruction.py" line="256" time="0.028" /><testcase classname="test.test_Analysis.test_multi_patch_reconstruction.TestRaise" name="test_raise" file="test/test_Analysis/test_multi_patch_reconstruction.py" line="262" time="0.001" /><testcase classname="test.test_Analysis.test_td_cosmography.TestTDCosmography" name="test_time_delays" file="test/test_Analysis/test_td_cosmography.py" line="65" time="0.005" /><testcase classname="test.test_Analysis.test_td_cosmography.TestTDCosmography" name="test_fermat_potential" file="test/test_Analysis/test_td_cosmography.py" line="70" time="0.005" /><testcase classname="test.test_Analysis.test_td_cosmography.TestTDCosmography" name="test_cosmo_inference" file="test/test_Analysis/test_td_cosmography.py" line="86" time="1.992" /><testcase classname="test.test_Conf.test_config_loader" name="test_numba_conf" file="test/test_Conf/test_config_loader.py" line="4" time="0.004" /><testcase classname="test.test_Conf.test_config_loader" name="test_conventions_conf" file="test/test_Conf/test_config_loader.py" line="14" time="0.002" /><testcase classname="test.test_Cosmo.test_background.TestCosmoProp" name="test_scale_factor" file="test/test_Cosmo/test_background.py" line="15" time="0.001" /><testcase classname="test.test_Cosmo.test_background.TestCosmoProp" name="test_rho_crit" file="test/test_Cosmo/test_background.py" line="19" time="0.001" /><testcase classname="test.test_Cosmo.test_background.TestCosmoProp" name="test_rho_crit_z" file="test/test_Cosmo/test_background.py" line="22" time="0.001" /><testcase classname="test.test_Cosmo.test_background.TestCosmoProp" name="test_interpol" file="test/test_Cosmo/test_background.py" line="26" time="0.006" /><testcase classname="test.test_Cosmo.test_cosmo_interp.TestCosmoInterp" name="test_angular_diameter_distance" file="test/test_Cosmo/test_cosmo_interp.py" line="65" time="0.012" /><testcase classname="test.test_Cosmo.test_cosmo_interp.TestCosmoInterp" name="test_angular_diameter_distance_array" file="test/test_Cosmo/test_cosmo_interp.py" line="91" time="0.013" /><testcase classname="test.test_Cosmo.test_cosmo_interp.TestCosmoInterp" name="test_angular_diameter_distance_z1z2" file="test/test_Cosmo/test_cosmo_interp.py" line="107" time="0.011" /><testcase classname="test.test_Cosmo.test_cosmo_solver.TestCompare" name="test_cosmo2Dd_Ds_Dds" file="test/test_Cosmo/test_cosmo_solver.py" line="16" time="0.001" /><testcase classname="test.test_Cosmo.test_cosmo_solver.TestCompare" name="test_ddt2h0" file="test/test_Cosmo/test_cosmo_solver.py" line="23" time="0.001" /><testcase classname="test.test_Cosmo.test_cosmo_solver.TestCompare" name="test_F" file="test/test_Cosmo/test_cosmo_solver.py" line="34" time="0.001" /><testcase classname="test.test_Cosmo.test_cosmo_solver.TestCompare" name="test_solver" file="test/test_Cosmo/test_cosmo_solver.py" line="43" time="0.042" /><testcase classname="test.test_Cosmo.test_cosmo_solver.TestInvertCosmo" name="test_get_cosmo" file="test/test_Cosmo/test_cosmo_solver.py" line="83" time="4.817" /><testcase classname="test.test_Cosmo.test_gnfw_param.TestGNFWParam" name="test_rho0_c" file="test/test_Cosmo/test_gnfw_param.py" line="19" time="0.012" /><testcase classname="test.test_Cosmo.test_gnfw_param.TestGNFWParam" name="test_M_r200" file="test/test_Cosmo/test_gnfw_param.py" line="31" time="0.001" /><testcase classname="test.test_Cosmo.test_gnfw_param.TestGNFWParam" name="test_rhoc_z" file="test/test_Cosmo/test_gnfw_param.py" line="37" time="0.001" /><testcase classname="test.test_Cosmo.test_gnfw_param.TestGNFWParam" name="test_M200" file="test/test_Cosmo/test_gnfw_param.py" line="42" time="0.000" /><testcase classname="test.test_Cosmo.test_gnfw_param.TestGNFWParam" name="test_profileMain" file="test/test_Cosmo/test_gnfw_param.py" line="47" time="0.001" /><testcase classname="test.test_Cosmo.test_kde_likelihood.TestKDELikelihood" name="test_kde_likelihood" file="test/test_Cosmo/test_kde_likelihood.py" line="19" time="0.708" /><testcase classname="test.test_Cosmo.test_lcdm.TestFlatLCDM" name="test_D_d" file="test/test_Cosmo/test_lcdm.py" line="13" time="0.003" /><testcase classname="test.test_Cosmo.test_lcdm.TestFlatLCDM" name="test_D_s" file="test/test_Cosmo/test_lcdm.py" line="20" time="0.002" /><testcase classname="test.test_Cosmo.test_lcdm.TestFlatLCDM" name="test_D_ds" file="test/test_Cosmo/test_lcdm.py" line="26" time="0.002" /><testcase classname="test.test_Cosmo.test_lcdm.TestFlatLCDM" name="test_D_dt" file="test/test_Cosmo/test_lcdm.py" line="32" time="0.001" /><testcase classname="test.test_Cosmo.test_lens_cosmo.TestLensCosmo" name="test_ang_dist" file="test/test_Cosmo/test_lens_cosmo.py" line="21" time="0.001" /><testcase classname="test.test_Cosmo.test_lens_cosmo.TestLensCosmo" name="test_epsilon_crit" file="test/test_Cosmo/test_lens_cosmo.py" line="26" time="0.001" /><testcase classname="test.test_Cosmo.test_lens_cosmo.TestLensCosmo" name="test_arcsec2phys" file="test/test_Cosmo/test_lens_cosmo.py" line="29" time="0.001" /><testcase classname="test.test_Cosmo.test_lens_cosmo.TestLensCosmo" name="test_phys2arcsec_lens" file="test/test_Cosmo/test_lens_cosmo.py" line="39" time="0.001" /><testcase classname="test.test_Cosmo.test_lens_cosmo.TestLensCosmo" name="test_mass_in_phi_E" file="test/test_Cosmo/test_lens_cosmo.py" line="45" time="0.001" /><testcase classname="test.test_Cosmo.test_lens_cosmo.TestLensCosmo" name="test_kappa2proj_mass" file="test/test_Cosmo/test_lens_cosmo.py" line="50" time="0.001" /><testcase classname="test.test_Cosmo.test_lens_cosmo.TestLensCosmo" name="test_mass_in_coin" file="test/test_Cosmo/test_lens_cosmo.py" line="55" time="0.001" /><testcase classname="test.test_Cosmo.test_lens_cosmo.TestLensCosmo" name="test_D_dt_model" file="test/test_Cosmo/test_lens_cosmo.py" line="60" time="0.001" /><testcase classname="test.test_Cosmo.test_lens_cosmo.TestLensCosmo" name="test_nfw_angle2physical" file="test/test_Cosmo/test_lens_cosmo.py" line="64" time="0.002" /><testcase classname="test.test_Cosmo.test_lens_cosmo.TestLensCosmo" name="test_nfw_physical2angle" file="test/test_Cosmo/test_lens_cosmo.py" line="70" time="0.002" /><testcase classname="test.test_Cosmo.test_lens_cosmo.TestLensCosmo" name="test_gnfw_angle2physical" file="test/test_Cosmo/test_lens_cosmo.py" line="80" time="0.096" /><testcase classname="test.test_Cosmo.test_lens_cosmo.TestLensCosmo" name="test_gnfw_physical2angle" file="test/test_Cosmo/test_lens_cosmo.py" line="98" time="0.182" /><testcase classname="test.test_Cosmo.test_lens_cosmo.TestLensCosmo" name="test_gnfwParam_physical" file="test/test_Cosmo/test_lens_cosmo.py" line="113" time="0.002" /><testcase classname="test.test_Cosmo.test_lens_cosmo.TestLensCosmo" name="test_gnfw_M_theta_r200" file="test/test_Cosmo/test_lens_cosmo.py" line="123" time="0.002" /><testcase classname="test.test_Cosmo.test_lens_cosmo.TestLensCosmo" name="test_sis_theta_E2sigma_v" file="test/test_Cosmo/test_lens_cosmo.py" line="131" time="0.001" /><testcase classname="test.test_Cosmo.test_lens_cosmo.TestLensCosmo" name="test_fermat2delays" file="test/test_Cosmo/test_lens_cosmo.py" line="137" time="0.001" /><testcase classname="test.test_Cosmo.test_lens_cosmo.TestLensCosmo" name="test_uldm_angular2phys" file="test/test_Cosmo/test_lens_cosmo.py" line="143" time="0.001" /><testcase classname="test.test_Cosmo.test_lens_cosmo.TestLensCosmo" name="test_uldm_mphys2angular" file="test/test_Cosmo/test_lens_cosmo.py" line="149" time="0.001" /><testcase classname="test.test_Cosmo.test_lens_cosmo.TestLensCosmo" name="test_a_z" file="test/test_Cosmo/test_lens_cosmo.py" line="156" time="0.001" /><testcase classname="test.test_Cosmo.test_lens_cosmo.TestLensCosmo" name="test_sersic_m_star2k_eff" file="test/test_Cosmo/test_lens_cosmo.py" line="160" time="0.001" /><testcase classname="test.test_Cosmo.test_lens_cosmo.TestLensCosmo" name="test_hernquist_angular2phys" file="test/test_Cosmo/test_lens_cosmo.py" line="170" time="0.002" /><testcase classname="test.test_Cosmo.test_lens_cosmo.TestLensCosmo" name="test_hernquist_mass_normalization" file="test/test_Cosmo/test_lens_cosmo.py" line="182" time="1.802" /><testcase classname="test.test_Cosmo.test_lens_cosmo.TestLensCosmo" name="test_vel_disp_dPIED_sigma0" file="test/test_Cosmo/test_lens_cosmo.py" line="239" time="0.003" /><testcase classname="test.test_Cosmo.test_lens_cosmo.TestLensCosmo" name="test_beta_double_source_plane" file="test/test_Cosmo/test_lens_cosmo.py" line="277" time="0.002" /><testcase classname="test.test_Cosmo.test_lens_cosmo.TestLensCosmo" name="test_theta_E_power_law_scaling" file="test/test_Cosmo/test_lens_cosmo.py" line="286" time="0.004" /><testcase classname="test.test_Cosmo.test_micro_lensing" name="test_einstein_radius" file="test/test_Cosmo/test_micro_lensing.py" line="5" time="0.000" /><testcase classname="test.test_Cosmo.test_micro_lensing" name="test_source_size" file="test/test_Cosmo/test_micro_lensing.py" line="15" time="0.000" /><testcase classname="test.test_Cosmo.test_nfw_param.TestNFWParam" name="test_rho0_c" file="test/test_Cosmo/test_nfw_param.py" line="18" time="0.002" /><testcase classname="test.test_Cosmo.test_nfw_param.TestNFWParam" name="test_rhoc_z" file="test/test_Cosmo/test_nfw_param.py" line="26" time="0.001" /><testcase classname="test.test_Cosmo.test_nfw_param.TestNFWParam" name="test_M200" file="test/test_Cosmo/test_nfw_param.py" line="31" time="0.001" /><testcase classname="test.test_Cosmo.test_nfw_param.TestNFWParam" name="test_profileMain" file="test/test_Cosmo/test_nfw_param.py" line="35" time="0.001" /><testcase classname="test.test_Cosmo.test_nfw_param.TestNFWParam" name="test_against_colossus" file="test/test_Cosmo/test_nfw_param.py" line="49" time="0.004"><failure message="ModuleNotFoundError: No module named 'colossus'">self = &lt;test.test_Cosmo.test_nfw_param.TestNFWParam object at 0x7ab3190d24d0&gt;

    def test_against_colossus(self):
        """
        This test class asks to get the same parameters back as colossus: https://bdiemer.bitbucket.io/colossus/index.html
        """
        cosmo = FlatLambdaCDM(H0=70, Om0=0.285, Ob0=0.05)
        nfw_param = NFWParam(cosmo=cosmo)
    
&gt;       from colossus.cosmology import cosmology as cosmology_colossus
E       ModuleNotFoundError: No module named 'colossus'

test/test_Cosmo/test_nfw_param.py:57: ModuleNotFoundError</failure></testcase><testcase classname="test.test_Data.test_coord_transforms.TestCoordinates" name="test_init" file="test/test_Data/test_coord_transforms.py" line="12" time="0.001" /><testcase classname="test.test_Data.test_coord_transforms.TestCoordinates" name="test_map_coord2pix" file="test/test_Data/test_coord_transforms.py" line="29" time="0.001" /><testcase classname="test.test_Data.test_coord_transforms.TestCoordinates" name="test_map_pix2coord" file="test/test_Data/test_coord_transforms.py" line="41" time="0.001" /><testcase classname="test.test_Data.test_coord_transforms.TestCoordinates" name="test_pixel_size" file="test/test_Data/test_coord_transforms.py" line="53" time="0.000" /><testcase classname="test.test_Data.test_coord_transforms.TestCoordinates" name="test_rescaled_grid" file="test/test_Data/test_coord_transforms.py" line="64" time="0.001" /><testcase classname="test.test_Data.test_coord_transforms.TestCoordinates" name="test_coordinate_grid" file="test/test_Data/test_coord_transforms.py" line="112" time="0.001" /><testcase classname="test.test_Data.test_coord_transforms.TestCoordinates" name="test_xy_at_radec_0" file="test/test_Data/test_coord_transforms.py" line="129" time="0.001" /><testcase classname="test.test_Data.test_coord_transforms.TestCoordinates" name="test_shift_coordinate_system" file="test/test_Data/test_coord_transforms.py" line="144" time="0.001" /><testcase classname="test.test_Data.test_image_noise.TestData" name="test_get_covariance_matrix" file="test/test_Data/test_image_noise.py" line="30" time="0.001" /><testcase classname="test.test_Data.test_image_noise.TestData" name="test_noise_map" file="test/test_Data/test_image_noise.py" line="38" time="0.002" /><testcase classname="test.test_Data.test_image_noise.TestData" name="test_exposure_time" file="test/test_Data/test_image_noise.py" line="64" time="0.001" /><testcase classname="test.test_Data.test_image_noise.TestData" name="test_gradient_boost" file="test/test_Data/test_image_noise.py" line="76" time="0.019" /><testcase classname="test.test_Data.test_image_noise.TestRaise" name="test_raise" file="test/test_Data/test_image_noise.py" line="95" time="0.001" /><testcase classname="test.test_Data.test_imaging_data.TestData" name="test_numData" file="test/test_Data/test_imaging_data.py" line="19" time="0.001" /><testcase classname="test.test_Data.test_imaging_data.TestData" name="test_shift_coords" file="test/test_Data/test_imaging_data.py" line="22" time="0.002" /><testcase classname="test.test_Data.test_imaging_data.TestData" name="test_shift_coordinate_system" file="test/test_Data/test_imaging_data.py" line="67" time="0.001" /><testcase classname="test.test_Data.test_imaging_data.TestData" name="test_update_data" file="test/test_Data/test_imaging_data.py" line="112" time="0.001" /><testcase classname="test.test_Data.test_imaging_data.TestRaise" name="test_raise" file="test/test_Data/test_imaging_data.py" line="129" time="0.001" /><testcase classname="test.test_Data.test_imaging_data_with_interferometric_changes" name="test_interferometry_likelihood" file="test/test_Data/test_imaging_data_with_interferometric_changes.py" line="5" time="0.001" /><testcase classname="test.test_Data.test_kinematic_data_2D.TestKinBin" name="test_binned_image" file="test/test_Data/test_kinematic_data_2D.py" line="39" time="0.001" /><testcase classname="test.test_Data.test_kinematic_data_2D.TestKinBin" name="test_KinBin2kwargs" file="test/test_Data/test_kinematic_data_2D.py" line="47" time="0.001" /><testcase classname="test.test_Data.test_kinematic_data_2D.TestKinBin" name="test_kin_grid" file="test/test_Data/test_kinematic_data_2D.py" line="50" time="0.001" /><testcase classname="test.test_Data.test_pixel_grid.TestPixelGrid" name="test_num_pix" file="test/test_Data/test_pixel_grid.py" line="22" time="0.001" /><testcase classname="test.test_Data.test_pixel_grid.TestPixelGrid" name="test_num_pixel_axes" file="test/test_Data/test_pixel_grid.py" line="26" time="0.001" /><testcase classname="test.test_Data.test_pixel_grid.TestPixelGrid" name="test_width" file="test/test_Data/test_pixel_grid.py" line="31" time="0.001" /><testcase classname="test.test_Data.test_pixel_grid.TestPixelGrid" name="test_pixel_coordinates" file="test/test_Data/test_pixel_grid.py" line="36" time="0.001" /><testcase classname="test.test_Data.test_psf.TestData" name="test_kernel_point_source" file="test/test_Data/test_psf.py" line="28" time="0.001" /><testcase classname="test.test_Data.test_psf.TestData" name="test_kernel_subsampled" file="test/test_Data/test_psf.py" line="51" time="0.002" /><testcase classname="test.test_Data.test_psf.TestData" name="test_supersampling_repeated" file="test/test_Data/test_psf.py" line="126" time="0.002" /><testcase classname="test.test_Data.test_psf.TestData" name="test_fwhm" file="test/test_Data/test_psf.py" line="156" time="0.001" /><testcase classname="test.test_Data.test_psf.TestData" name="test_kernel_pixel" file="test/test_Data/test_psf.py" line="191" time="0.001" /><testcase classname="test.test_Data.test_psf.TestData" name="test_psf_error_map" file="test/test_Data/test_psf.py" line="206" time="0.001" /><testcase classname="test.test_Data.test_psf.TestData" name="test_warning" file="test/test_Data/test_psf.py" line="219" time="0.006" /><testcase classname="test.test_Data.test_psf.TestData" name="test_unnormalized" file="test/test_Data/test_psf.py" line="250" time="0.001" /><testcase classname="test.test_Data.test_psf.TestRaise" name="test_raise" file="test/test_Data/test_psf.py" line="311" time="0.001" /><testcase classname="test.test_GalKin.test_analytic_kinematics.TestAnalyticKinematics" name="test_sigma_s2" file="test/test_GalKin/test_analytic_kinematics.py" line="12" time="2.085" /><testcase classname="test.test_GalKin.test_analytic_kinematics.TestAnalyticKinematics" name="test_properties" file="test/test_GalKin/test_analytic_kinematics.py" line="40" time="0.001" /><testcase classname="test.test_GalKin.test_analytic_kinematics.TestAnalyticKinematics" name="test_draw_light" file="test/test_GalKin/test_analytic_kinematics.py" line="62" time="0.001" /><testcase classname="test.test_GalKin.test_analytic_kinematics.TestAnalyticKinematics" name="test_I_R_sigma2_and_IR" file="test/test_GalKin/test_analytic_kinematics.py" line="71" time="10.236" /><testcase classname="test.test_GalKin.test_analytic_kinematics.TestAnalyticKinematics" name="test_against_numeric_profile" file="test/test_GalKin/test_analytic_kinematics.py" line="109" time="2.306" /><testcase classname="test.test_GalKin.test_anisotropy.TestAnisotropy" name="test_K" file="test/test_GalKin/test_anisotropy.py" line="15" time="0.003" /><testcase classname="test.test_GalKin.test_anisotropy.TestAnisotropy" name="test_beta" file="test/test_GalKin/test_anisotropy.py" line="53" time="0.000" /><testcase classname="test.test_GalKin.test_anisotropy.TestAnisotropy" name="test_radial_anisotropy" file="test/test_GalKin/test_anisotropy.py" line="81" time="0.000" /><testcase classname="test.test_GalKin.test_anisotropy.TestAnisotropy" name="test_isotropic_anisotropy" file="test/test_GalKin/test_anisotropy.py" line="99" time="0.000" /><testcase classname="test.test_GalKin.test_anisotropy.TestAnisotropy" name="test_generalizedOM" file="test/test_GalKin/test_anisotropy.py" line="116" time="0.087" /><testcase classname="test.test_GalKin.test_anisotropy.TestRaise" name="test_raise" file="test/test_GalKin/test_anisotropy.py" line="152" time="0.001" /><testcase classname="test.test_GalKin.test_aperture.TestAperture" name="test_aperture_select" file="test/test_GalKin/test_aperture.py" line="11" time="0.001" /><testcase classname="test.test_GalKin.test_aperture.TestRaise" name="test_raise" file="test/test_GalKin/test_aperture.py" line="64" time="0.000" /><testcase classname="test.test_GalKin.test_aperture_types.TestApertureTypes" name="test_shell_select" file="test/test_GalKin/test_aperture_types.py" line="9" time="0.000" /><testcase classname="test.test_GalKin.test_aperture_types.TestApertureTypes" name="test_slit_select" file="test/test_GalKin/test_aperture_types.py" line="24" time="0.000" /><testcase classname="test.test_GalKin.test_aperture_types.TestApertureTypes" name="test_ifu_shell_select" file="test/test_GalKin/test_aperture_types.py" line="41" time="0.000" /><testcase classname="test.test_GalKin.test_aperture_types.TestApertureTypes" name="test_frame" file="test/test_GalKin/test_aperture_types.py" line="50" time="0.000" /><testcase classname="test.test_GalKin.test_cosmo.TestRaise" name="test_raise" file="test/test_GalKin/test_cosmo.py" line="7" time="0.000" /><testcase classname="test.test_GalKin.test_galkin.TestRaise" name="test_raise" file="test/test_GalKin/test_galkin.py" line="15" time="0.001" /><testcase classname="test.test_GalKin.test_galkin.TestGalkin" name="test_compare_power_law" file="test/test_GalKin/test_galkin.py" line="98" time="6.430" /><testcase classname="test.test_GalKin.test_galkin.TestGalkin" name="test_log_vs_linear_integral" file="test/test_GalKin/test_galkin.py" line="222" time="0.436" /><testcase classname="test.test_GalKin.test_galkin.TestGalkin" name="test_projected_light_integral_hernquist" file="test/test_GalKin/test_galkin.py" line="308" time="0.003" /><testcase classname="test.test_GalKin.test_galkin.TestGalkin" name="test_projected_light_integral_hernquist_ellipse" file="test/test_GalKin/test_galkin.py" line="328" time="0.002" /><testcase classname="test.test_GalKin.test_galkin.TestGalkin" name="test_projected_light_integral_pjaffe" file="test/test_GalKin/test_galkin.py" line="350" time="0.006" /><testcase classname="test.test_GalKin.test_galkin.TestGalkin" name="test_realistic_0" file="test/test_GalKin/test_galkin.py" line="370" time="0.006" /><testcase classname="test.test_GalKin.test_galkin.TestGalkin" name="test_realistic_1" file="test/test_GalKin/test_galkin.py" line="392" time="0.007" /><testcase classname="test.test_GalKin.test_galkin.TestGalkin" name="test_realistic" file="test/test_GalKin/test_galkin.py" line="418" time="0.010" /><testcase classname="test.test_GalKin.test_galkin.TestGalkin" name="test_dispersion_map" file="test/test_GalKin/test_galkin.py" line="456" time="1.859" /><testcase classname="test.test_GalKin.test_galkin.TestGalkin" name="test_dispersion_map_grid_convolved" file="test/test_GalKin/test_galkin.py" line="544" time="67.030" /><testcase classname="test.test_GalKin.test_galkin.TestGalkin" name="test_extract_center" file="test/test_GalKin/test_galkin.py" line="686" time="0.001" /><testcase classname="test.test_GalKin.test_galkin.TestGalkin" name="test_projected_integral_vs_3d_rendering" file="test/test_GalKin/test_galkin.py" line="693" time="1.549" /><testcase classname="test.test_GalKin.test_galkin.TestGalkin" name="test_2d_vs_3d_power_law" file="test/test_GalKin/test_galkin.py" line="776" time="9.971" /><testcase classname="test.test_GalKin.test_galkin.TestGalkin" name="test_get_convolution_kernel" file="test/test_GalKin/test_galkin.py" line="869" time="0.001" /><testcase classname="test.test_GalKin.test_galkin.TestGalkin" name="test_get_grid" file="test/test_GalKin/test_galkin.py" line="874" time="0.001" /><testcase classname="test.test_GalKin.test_galkin.TestGalkin" name="test_delta_pix_xy" file="test/test_GalKin/test_galkin.py" line="896" time="0.001" /><testcase classname="test.test_GalKin.test_galkin_model.TestGalkinModel" name="test_radius_slope_anisotropy" file="test/test_GalKin/test_galkin_model.py" line="12" time="0.001" /><testcase classname="test.test_GalKin.test_galkin_multiobservation.TestGalkinMultiObservation" name="test_dispersion" file="test/test_GalKin/test_galkin_multiobservation.py" line="8" time="1.801" /><testcase classname="test.test_GalKin.test_galkin_shells.TestGalkinShells" name="test_vel_disp" file="test/test_GalKin/test_galkin_shells.py" line="9" time="1.015" /><testcase classname="test.test_GalKin.test_galkin_shells.TestRaise" name="test_raise" file="test/test_GalKin/test_galkin_shells.py" line="87" time="0.001" /><testcase classname="test.test_GalKin.test_gom.TestGOM" name="test_OMvsGOM" file="test/test_GalKin/test_gom.py" line="9" time="10.786" /><testcase classname="test.test_GalKin.test_light_profile.TestLightProfile" name="test_draw_light" file="test/test_GalKin/test_light_profile.py" line="16" time="0.075" /><testcase classname="test.test_GalKin.test_light_profile.TestLightProfile" name="test_draw_light_2d_linear" file="test/test_GalKin/test_light_profile.py" line="34" time="0.026" /><testcase classname="test.test_GalKin.test_light_profile.TestLightProfile" name="test_draw_light_PJaffe" file="test/test_GalKin/test_light_profile.py" line="66" time="0.078" /><testcase classname="test.test_GalKin.test_light_profile.TestLightProfile" name="test_draw_light_3d_hernquist" file="test/test_GalKin/test_light_profile.py" line="102" time="0.199" /><testcase classname="test.test_GalKin.test_light_profile.TestLightProfile" name="test_draw_light_3d_power_law" file="test/test_GalKin/test_light_profile.py" line="162" time="0.197" /><testcase classname="test.test_GalKin.test_light_profile.TestLightProfile" name="test_ellipticity_in_profiles" file="test/test_GalKin/test_light_profile.py" line="207" time="0.003" /><testcase classname="test.test_GalKin.test_light_profile.TestLightProfile" name="test_light_3d" file="test/test_GalKin/test_light_profile.py" line="261" time="0.002" /><testcase classname="test.test_GalKin.test_light_profile.TestLightProfile" name="test_light_2d_finite" file="test/test_GalKin/test_light_profile.py" line="271" time="0.002" /><testcase classname="test.test_GalKin.test_light_profile.TestLightProfile" name="test_del_cache" file="test/test_GalKin/test_light_profile.py" line="299" time="0.001" /><testcase classname="test.test_GalKin.test_multi_gauss_expansion.TestGalkin" name="test_mge_hernquist_light" file="test/test_GalKin/test_multi_gauss_expansion.py" line="16" time="0.508" /><testcase classname="test.test_GalKin.test_multi_gauss_expansion.TestGalkin" name="test_mge_power_law_lens" file="test/test_GalKin/test_multi_gauss_expansion.py" line="108" time="0.488" /><testcase classname="test.test_GalKin.test_multi_gauss_expansion.TestGalkin" name="test_mge_light_and_mass" file="test/test_GalKin/test_multi_gauss_expansion.py" line="200" time="0.520" /><testcase classname="test.test_GalKin.test_multi_gauss_expansion.TestGalkin" name="test_sersic_vs_hernquist_kinematics" file="test/test_GalKin/test_multi_gauss_expansion.py" line="294" time="0.279" /><testcase classname="test.test_GalKin.test_numeric_kinematics.TestMassProfile" name="test_mass_3d" file="test/test_GalKin/test_numeric_kinematics.py" line="16" time="0.001" /><testcase classname="test.test_GalKin.test_numeric_kinematics.TestMassProfile" name="test_sigma_r2" file="test/test_GalKin/test_numeric_kinematics.py" line="32" time="0.048" /><testcase classname="test.test_GalKin.test_numeric_kinematics.TestMassProfile" name="test_lum_weighted_vel_disp" file="test/test_GalKin/test_numeric_kinematics.py" line="101" time="0.277" /><testcase classname="test.test_GalKin.test_numeric_kinematics.TestMassProfile" name="test_sigma_s2" file="test/test_GalKin/test_numeric_kinematics.py" line="145" time="0.686" /><testcase classname="test.test_GalKin.test_numeric_kinematics.TestMassProfile" name="test_I_R_sigma_s2" file="test/test_GalKin/test_numeric_kinematics.py" line="200" time="0.004" /><testcase classname="test.test_GalKin.test_numeric_kinematics.TestMassProfile" name="test_log_linear_integral" file="test/test_GalKin/test_numeric_kinematics.py" line="255" time="0.026" /><testcase classname="test.test_GalKin.test_numeric_kinematics.TestMassProfile" name="test_I_R_sigma" file="test/test_GalKin/test_numeric_kinematics.py" line="333" time="0.289" /><testcase classname="test.test_GalKin.test_numeric_kinematics.TestMassProfile" name="test_power_law_test" file="test/test_GalKin/test_numeric_kinematics.py" line="419" time="0.015" /><testcase classname="test.test_GalKin.test_numeric_kinematics.TestMassProfile" name="test_delete_cache" file="test/test_GalKin/test_numeric_kinematics.py" line="494" time="0.000" /><testcase classname="test.test_GalKin.test_psf.TestPSF" name="test_displace_psf" file="test/test_GalKin/test_psf.py" line="11" time="0.000" /><testcase classname="test.test_GalKin.test_psf.TestPSF" name="test_kernel" file="test/test_GalKin/test_psf.py" line="24" time="0.001" /><testcase classname="test.test_GalKin.test_psf.TestRaise" name="test_raise" file="test/test_GalKin/test_psf.py" line="41" time="0.000" /><testcase classname="test.test_GalKin.test_velocity_util.TestVelocityUtil" name="test_sample_gaussian" file="test/test_GalKin/test_velocity_util.py" line="12" time="0.004" /><testcase classname="test.test_GalKin.test_velocity_util.TestVelocityUtil" name="test_sample_moffat" file="test/test_GalKin/test_velocity_util.py" line="26" time="0.038" /><testcase classname="test.test_GalKin.test_velocity_util.TestVelocityUtil" name="test_displace_PSF_moffat" file="test/test_GalKin/test_velocity_util.py" line="48" time="0.001" /><testcase classname="test.test_GalKin.test_velocity_util.TestVelocityUtil" name="test_project_2d_random" file="test/test_GalKin/test_velocity_util.py" line="57" time="0.008" /><testcase classname="test.test_ImSim.test_MultiBand.test_joint_linear.TestJointLinear" name="test_linear_response" file="test/test_ImSim/test_MultiBand/test_joint_linear.py" line="123" time="0.031" /><testcase classname="test.test_ImSim.test_MultiBand.test_joint_linear.TestJointLinear" name="test_image_linear_solve" file="test/test_ImSim/test_MultiBand/test_joint_linear.py" line="134" time="0.032" /><testcase classname="test.test_ImSim.test_MultiBand.test_joint_linear.TestJointLinear" name="test_likelihood_data_given_model" file="test/test_ImSim/test_MultiBand/test_joint_linear.py" line="149" time="0.031" /><testcase classname="test.test_ImSim.test_MultiBand.test_multi_linear.TestImageModel" name="test_image_linear_solve" file="test/test_ImSim/test_MultiBand/test_multi_linear.py" line="126" time="0.022" /><testcase classname="test.test_ImSim.test_MultiBand.test_multi_linear.TestImageModel" name="test_likelihood_data_given_model" file="test/test_ImSim/test_MultiBand/test_multi_linear.py" line="145" time="0.028" /><testcase classname="test.test_ImSim.test_MultiBand.test_multi_linear.TestImageModel" name="test_numData_evaluate" file="test/test_ImSim/test_MultiBand/test_multi_linear.py" line="164" time="0.012" /><testcase classname="test.test_ImSim.test_MultiBand.test_single_band_multi_model.TestSingleBandMultiModel" name="test_likelihood_data_given_model" file="test/test_ImSim/test_MultiBand/test_single_band_multi_model.py" line="151" time="0.005" /><testcase classname="test.test_ImSim.test_MultiBand.test_single_band_multi_model.TestSingleBandMultiModel" name="test_num_param_linear" file="test/test_ImSim/test_MultiBand/test_single_band_multi_model.py" line="169" time="0.003" /><testcase classname="test.test_ImSim.test_MultiBand.test_single_band_multi_model.TestSingleBandMultiModel" name="test_image" file="test/test_ImSim/test_MultiBand/test_single_band_multi_model.py" line="175" time="0.004" /><testcase classname="test.test_ImSim.test_MultiBand.test_single_band_multi_model.TestSingleBandMultiModel" name="test_source_surface_brightness" file="test/test_ImSim/test_MultiBand/test_single_band_multi_model.py" line="184" time="0.003" /><testcase classname="test.test_ImSim.test_MultiBand.test_single_band_multi_model.TestSingleBandMultiModel" name="test_lens_surface_brightness" file="test/test_ImSim/test_MultiBand/test_single_band_multi_model.py" line="195" time="0.003" /><testcase classname="test.test_ImSim.test_MultiBand.test_single_band_multi_model.TestSingleBandMultiModel" name="test_point_source" file="test/test_ImSim/test_MultiBand/test_single_band_multi_model.py" line="204" time="0.003" /><testcase classname="test.test_ImSim.test_MultiBand.test_single_band_multi_model.TestSingleBandMultiModel" name="test_update_linear_kwargs" file="test/test_ImSim/test_MultiBand/test_single_band_multi_model.py" line="215" time="0.002" /><testcase classname="test.test_ImSim.test_MultiBand.test_single_band_multi_model.TestSingleBandMultiModel" name="test_extinction_map" file="test/test_ImSim/test_MultiBand/test_single_band_multi_model.py" line="237" time="0.002" /><testcase classname="test.test_ImSim.test_MultiBand.test_single_band_multi_model.TestSingleBandMultiModel" name="test_error_map_source" file="test/test_ImSim/test_MultiBand/test_single_band_multi_model.py" line="243" time="0.003" /><testcase classname="test.test_ImSim.test_MultiBand.test_single_band_multi_model.TestSingleBandMultiModel" name="test_linear_param_from_kwargs" file="test/test_ImSim/test_MultiBand/test_single_band_multi_model.py" line="255" time="0.002" /><testcase classname="test.test_ImSim.test_Numerics.test_adaptive_numerics.TestAdaptiveConvolution" name="test_convolve2d" file="test/test_ImSim/test_Numerics/test_adaptive_numerics.py" line="39" time="0.018" /><testcase classname="test.test_ImSim.test_Numerics.test_convolution.TestPixelKernelConvolution" name="test_convolve2d" file="test/test_ImSim/test_Numerics/test_convolution.py" line="24" time="0.001" /><testcase classname="test.test_ImSim.test_Numerics.test_convolution.TestPixelKernelConvolution" name="test_copy_transpose" file="test/test_ImSim/test_Numerics/test_convolution.py" line="31" time="0.001" /><testcase classname="test.test_ImSim.test_Numerics.test_convolution.TestPixelKernelConvolution" name="test_pixel_kernel" file="test/test_ImSim/test_Numerics/test_convolution.py" line="40" time="0.001" /><testcase classname="test.test_ImSim.test_Numerics.test_convolution.TestPixelKernelConvolution" name="test_centroiding" file="test/test_ImSim/test_Numerics/test_convolution.py" line="47" time="0.001" /><testcase classname="test.test_ImSim.test_Numerics.test_convolution.TestSubgridKernelConvolution" name="test_fft_scipy_static" file="test/test_ImSim/test_Numerics/test_convolution.py" line="124" time="0.001" /><testcase classname="test.test_ImSim.test_Numerics.test_convolution.TestSubgridKernelConvolution" name="test_convolve2d" file="test/test_ImSim/test_Numerics/test_convolution.py" line="144" time="0.002" /><testcase classname="test.test_ImSim.test_Numerics.test_convolution.TestMultiGaussianConvolution" name="test_convolve2d" file="test/test_ImSim/test_Numerics/test_convolution.py" line="202" time="0.001" /><testcase classname="test.test_ImSim.test_Numerics.test_convolution.TestMGEConvolution" name="test_convolve2d" file="test/test_ImSim/test_Numerics/test_convolution.py" line="223" time="0.002" /><testcase classname="test.test_ImSim.test_Numerics.test_grid.TestAdaptiveGrid" name="test_coordinates_evaluate" file="test/test_ImSim/test_Numerics/test_grid.py" line="34" time="0.001" /><testcase classname="test.test_ImSim.test_Numerics.test_grid.TestAdaptiveGrid" name="test_subpixel_coordinates" file="test/test_ImSim/test_Numerics/test_grid.py" line="39" time="0.001" /><testcase classname="test.test_ImSim.test_Numerics.test_grid.TestAdaptiveGrid" name="test_average_subgrid" file="test/test_ImSim/test_Numerics/test_grid.py" line="47" time="0.001" /><testcase classname="test.test_ImSim.test_Numerics.test_grid.TestAdaptiveGrid" name="test_merge_low_high_res" file="test/test_ImSim/test_Numerics/test_grid.py" line="55" time="0.001" /><testcase classname="test.test_ImSim.test_Numerics.test_grid.TestAdaptiveGrid" name="test_flux_array2image_low_high" file="test/test_ImSim/test_Numerics/test_grid.py" line="74" time="0.001" /><testcase classname="test.test_ImSim.test_Numerics.test_grid.TestRegularGrid" name="test_grid_points_spacing" file="test/test_ImSim/test_Numerics/test_grid.py" line="102" time="0.001" /><testcase classname="test.test_ImSim.test_Numerics.test_grid.TestRegularGrid" name="test_num_grid_points_axes" file="test/test_ImSim/test_Numerics/test_grid.py" line="106" time="0.001" /><testcase classname="test.test_ImSim.test_Numerics.test_grid.TestRegularGrid" name="test_supersampling_factor" file="test/test_ImSim/test_Numerics/test_grid.py" line="111" time="0.001" /><testcase classname="test.test_ImSim.test_Numerics.test_numerics.TestNumerics" name="test_full" file="test/test_ImSim/test_Numerics/test_numerics.py" line="192" time="0.010" /><testcase classname="test.test_ImSim.test_Numerics.test_numerics.TestNumerics" name="test_full_norm" file="test/test_ImSim/test_Numerics/test_numerics.py" line="206" time="0.009" /><testcase classname="test.test_ImSim.test_Numerics.test_numerics.TestNumerics" name="test_high_res_narrow" file="test/test_ImSim/test_Numerics/test_numerics.py" line="220" time="0.017" /><testcase classname="test.test_ImSim.test_Numerics.test_numerics.TestNumerics" name="test_low_conv_high_grid" file="test/test_ImSim/test_Numerics/test_numerics.py" line="249" time="0.012" /><testcase classname="test.test_ImSim.test_Numerics.test_numerics.TestNumerics" name="test_low_conv_high_adaptive" file="test/test_ImSim/test_Numerics/test_numerics.py" line="278" time="0.008" /><testcase classname="test.test_ImSim.test_Numerics.test_numerics.TestNumerics" name="test_high_adaptive" file="test/test_ImSim/test_Numerics/test_numerics.py" line="307" time="0.070" /><testcase classname="test.test_ImSim.test_Numerics.test_numerics.TestNumerics" name="test_low_res" file="test/test_ImSim/test_Numerics/test_numerics.py" line="336" time="0.008" /><testcase classname="test.test_ImSim.test_Numerics.test_numerics.TestNumerics" name="test_sub_frame" file="test/test_ImSim/test_Numerics/test_numerics.py" line="365" time="0.009" /><testcase classname="test.test_ImSim.test_Numerics.test_numerics.TestNumerics" name="test_property_access" file="test/test_ImSim/test_Numerics/test_numerics.py" line="390" time="0.013" /><testcase classname="test.test_ImSim.test_Numerics.test_numerics" name="test_supersampling_simple" file="test/test_ImSim/test_Numerics/test_numerics.py" line="473" time="0.004" /><testcase classname="test.test_ImSim.test_Numerics.test_numerics.TestRaise" name="test_integer_in_supersampling_factor" file="test/test_ImSim/test_Numerics/test_numerics.py" line="580" time="0.001" /><testcase classname="test.test_ImSim.test_Numerics.test_partial_image.TestPartialImage" name="test_partial_array" file="test/test_ImSim/test_Numerics/test_partial_image.py" line="16" time="0.001" /><testcase classname="test.test_ImSim.test_Numerics.test_partial_image.TestPartialImage" name="test_num_partial" file="test/test_ImSim/test_Numerics/test_partial_image.py" line="28" time="0.000" /><testcase classname="test.test_ImSim.test_Numerics.test_pixel_convolution.TestPixelConvolution" name="test_convolve2d" file="test/test_ImSim/test_Numerics/test_pixel_convolution.py" line="32" time="0.001" /><testcase classname="test.test_ImSim.test_Numerics.test_pixel_convolution.TestSubgirdNumbaConvolution" name="test_convolve2d" file="test/test_ImSim/test_Numerics/test_pixel_convolution.py" line="80" time="0.005" /><testcase classname="test.test_ImSim.test_Numerics.test_point_source_rendering.TestPointSourceRendering" name="test_psf_variance_map" file="test/test_ImSim/test_Numerics/test_point_source_rendering.py" line="34" time="0.001" /><testcase classname="test.test_ImSim.test_Numerics.test_point_source_rendering.TestPointSourceRendering" name="test_point_source_rendering" file="test/test_ImSim/test_Numerics/test_point_source_rendering.py" line="54" time="0.001" /><testcase classname="test.test_ImSim.test_Numerics.test_point_source_rendering.TestRaise" name="test_raise" file="test/test_ImSim/test_Numerics/test_point_source_rendering.py" line="62" time="0.001" /><testcase classname="test.test_ImSim.test_Numerics.test_point_source_rendering.TestPointSourceRendering_for_interfermetry" name="test_point_source_rendering_unconvolved_for_interferometry" file="test/test_ImSim/test_Numerics/test_point_source_rendering.py" line="91" time="0.001" /><testcase classname="test.test_ImSim.test_Numerics.test_point_source_rendering.TestPointSourceRendering_for_interfermetry" name="test_raise_error_for_interferometric_supersampling" file="test/test_ImSim/test_Numerics/test_point_source_rendering.py" line="144" time="0.001" /><testcase classname="test.test_ImSim.test_SourceReconstruction.test_pixelated_source_reconstruction.TestPixelatedSourceReconstruction" name="test_init" file="test/test_ImSim/test_SourceReconstruction/test_pixelated_source_reconstruction.py" line="185" time="0.002" /><testcase classname="test.test_ImSim.test_SourceReconstruction.test_pixelated_source_reconstruction.TestPixelatedSourceReconstruction" name="test_generate_M_b_print" file="test/test_ImSim/test_SourceReconstruction/test_pixelated_source_reconstruction.py" line="268" time="0.026" /><testcase classname="test.test_ImSim.test_SourceReconstruction.test_pixelated_source_reconstruction.TestPixelatedSourceReconstruction" name="test_generate_M_b" file="test/test_ImSim/test_SourceReconstruction/test_pixelated_source_reconstruction.py" line="349" time="0.013" /><testcase classname="test.test_ImSim.test_SourceReconstruction.test_pixelated_source_reconstruction.TestPixelatedSourceReconstruction" name="test_generate_M_b_diagonal_likelihood" file="test/test_ImSim/test_SourceReconstruction/test_pixelated_source_reconstruction.py" line="383" time="0.007" /><testcase classname="test.test_ImSim.test_SourceReconstruction.test_pixelated_source_reconstruction.TestPixelatedSourceReconstruction" name="test_generate_M_b_interferometry_natwt_likelihood" file="test/test_ImSim/test_SourceReconstruction/test_pixelated_source_reconstruction.py" line="475" time="0.004" /><testcase classname="test.test_ImSim.test_SourceReconstruction.test_pixelated_source_reconstruction.TestPixelatedSourceReconstruction" name="test_lens_pixel_source_of_a_rectangular_region" file="test/test_ImSim/test_SourceReconstruction/test_pixelated_source_reconstruction.py" line="534" time="0.002" /><testcase classname="test.test_ImSim.test_SourceReconstruction.test_pixelated_source_reconstruction.TestPixelatedSourceReconstruction" name="test_lens_an_image_by_rayshooting" file="test/test_ImSim/test_SourceReconstruction/test_pixelated_source_reconstruction.py" line="575" time="0.003" /><testcase classname="test.test_ImSim.test_SourceReconstruction.test_pixelated_source_reconstruction.TestPixelatedSourceReconstruction" name="test_sparse_matrix_manipulation_functions" file="test/test_ImSim/test_SourceReconstruction/test_pixelated_source_reconstruction.py" line="661" time="0.002" /><testcase classname="test.test_ImSim.test_SourceReconstruction.test_regularization_matrix_pixel" name="test_pixelated_regularization_matrix" file="test/test_ImSim/test_SourceReconstruction/test_regularization_matrix_pixel.py" line="8" time="0.001" /><testcase classname="test.test_ImSim.test_SourceReconstruction.test_solve_regularization_strength" name="test_d_log_evi_d_lambda" file="test/test_ImSim/test_SourceReconstruction/test_solve_regularization_strength.py" line="22" time="0.002" /><testcase classname="test.test_ImSim.test_SourceReconstruction.test_solve_regularization_strength" name="test_solve_optimal_lambda_success" file="test/test_ImSim/test_SourceReconstruction/test_solve_regularization_strength.py" line="79" time="0.002" /><testcase classname="test.test_ImSim.test_de_lens.TestDeLens" name="test_get_param_WLS" file="test/test_ImSim/test_de_lens.py" line="12" time="0.001" /><testcase classname="test.test_ImSim.test_de_lens.TestDeLens" name="test_wls_stability" file="test/test_ImSim/test_de_lens.py" line="28" time="0.001" /><testcase classname="test.test_ImSim.test_de_lens.TestDeLens" name="test_get_param_WLS_interferometry" file="test/test_ImSim/test_de_lens.py" line="54" time="0.001" /><testcase classname="test.test_ImSim.test_de_lens.TestDeLens" name="test_marginalisation_const" file="test/test_ImSim/test_de_lens.py" line="90" time="0.000" /><testcase classname="test.test_ImSim.test_de_lens.TestDeLens" name="test_margnialization_new" file="test/test_ImSim/test_de_lens.py" line="102" time="0.001" /><testcase classname="test.test_ImSim.test_de_lens.TestDeLens" name="test_stable_inv" file="test/test_ImSim/test_de_lens.py" line="124" time="0.001" /><testcase classname="test.test_ImSim.test_de_lens.TestDeLens" name="test_solve_stable" file="test/test_ImSim/test_de_lens.py" line="134" time="0.001" /><testcase classname="test.test_ImSim.test_differential_extinction.TestDifferentialExtinction" name="test_extinction" file="test/test_ImSim/test_differential_extinction.py" line="9" time="0.001" /><testcase classname="test.test_ImSim.test_image2soure_mapping.TestMultiSourcePlane" name="test_image_2_source" file="test/test_ImSim/test_image2soure_mapping.py" line="166" time="0.005" /><testcase classname="test.test_ImSim.test_image2soure_mapping.TestMultiSourcePlane" name="test_image_flux_split" file="test/test_ImSim/test_image2soure_mapping.py" line="181" time="0.005" /><testcase classname="test.test_ImSim.test_image2soure_mapping.TestMultiSourcePlane" name="test_pseudo_multi_ray_tracing" file="test/test_ImSim/test_image2soure_mapping.py" line="197" time="0.006" /><testcase classname="test.test_ImSim.test_image2soure_mapping.TestMultiSourcePlane" name="test_multi_ray_tracing" file="test/test_ImSim/test_image2soure_mapping.py" line="217" time="0.006" /><testcase classname="test.test_ImSim.test_image2soure_mapping.TestMultiSourcePlane" name="test_pseudo_ray_trace_functions_split" file="test/test_ImSim/test_image2soure_mapping.py" line="238" time="0.005" /><testcase classname="test.test_ImSim.test_image2soure_mapping.TestMultiSourcePlane" name="test_multi_ray_trace_functions_split" file="test/test_ImSim/test_image2soure_mapping.py" line="278" time="0.006" /><testcase classname="test.test_ImSim.test_image2soure_mapping.TestMultiSourcePlane" name="test_image2source" file="test/test_ImSim/test_image2soure_mapping.py" line="302" time="0.007" /><testcase classname="test.test_ImSim.test_image2soure_mapping.TestMultiSourcePlane" name="test__re_order_split" file="test/test_ImSim/test_image2soure_mapping.py" line="339" time="0.005" /><testcase classname="test.test_ImSim.test_image2soure_mapping.TestRaise" name="test_raise" file="test/test_ImSim/test_image2soure_mapping.py" line="363" time="0.002" /><testcase classname="test.test_ImSim.test_image_linear_solve.TestImageLinearFit" name="test_likelihood_data_given_model" file="test/test_ImSim/test_image_linear_solve.py" line="98" time="0.495" /><testcase classname="test.test_ImSim.test_image_linear_solve.TestImageLinearFit" name="test_image_linear_solve" file="test/test_ImSim/test_image_linear_solve.py" line="118" time="0.357" /><testcase classname="test.test_ImSim.test_image_linear_solve.TestImageLinearFit" name="test_num_param_linear" file="test/test_ImSim/test_image_linear_solve.py" line="129" time="0.238" /><testcase classname="test.test_ImSim.test_image_linear_solve.TestImageLinearFit" name="test_linear_response_matrix" file="test/test_ImSim/test_image_linear_solve.py" line="135" time="0.248" /><testcase classname="test.test_ImSim.test_image_linear_solve.TestImageLinearFit" name="test_linear_param_from_kwargs" file="test/test_ImSim/test_image_linear_solve.py" line="143" time="0.138" /><testcase classname="test.test_ImSim.test_image_linear_solve.TestImageLinearFit" name="test_update_linear_kwargs" file="test/test_ImSim/test_image_linear_solve.py" line="151" time="0.364" /><testcase classname="test.test_ImSim.test_image_linear_solve.TestImageLinearFit" name="test_error_response" file="test/test_ImSim/test_image_linear_solve.py" line="170" time="0.121" /><testcase classname="test.test_ImSim.test_image_linear_solve.TestImageLinearFit" name="test_point_source_linear_response_set" file="test/test_ImSim/test_image_linear_solve.py" line="176" time="0.353" /><testcase classname="test.test_ImSim.test_image_linear_solve_with_interferometric_changes" name="test_image_linear_solve_with_primary_beam_and_interferometry_psf" file="test/test_ImSim/test_image_linear_solve_with_interferometric_changes.py" line="26" time="0.112" /><testcase classname="test.test_ImSim.test_image_linear_solve_with_interferometric_changes" name="test_interferometry_image_linear_solve_with_point_source" file="test/test_ImSim/test_image_linear_solve_with_interferometric_changes.py" line="192" time="0.155" /><testcase classname="test.test_ImSim.test_image_linear_solve_with_interferometric_changes" name="test_interferometry_image_linear_solve_with_point_source_without_pb_input" file="test/test_ImSim/test_image_linear_solve_with_interferometric_changes.py" line="372" time="0.144" /><testcase classname="test.test_ImSim.test_image_model.TestImageModel" name="test_source_surface_brightness" file="test/test_ImSim/test_image_model.py" line="130" time="0.012" /><testcase classname="test.test_ImSim.test_image_model.TestImageModel" name="test_lens_surface_brightness" file="test/test_ImSim/test_image_model.py" line="152" time="0.010" /><testcase classname="test.test_ImSim.test_image_model.TestImageModel" name="test_image_with_params" file="test/test_ImSim/test_image_model.py" line="167" time="0.019" /><testcase classname="test.test_ImSim.test_image_model.TestImageModel" name="test_likelihood_data_given_model" file="test/test_ImSim/test_image_model.py" line="195" time="0.020" /><testcase classname="test.test_ImSim.test_image_model.TestImageModel" name="test_reduced_residuals" file="test/test_ImSim/test_image_model.py" line="205" time="0.021" /><testcase classname="test.test_ImSim.test_image_model.TestImageModel" name="test_numData_evaluate" file="test/test_ImSim/test_image_model.py" line="220" time="0.009" /><testcase classname="test.test_ImSim.test_image_model.TestImageModel" name="test_update_data" file="test/test_ImSim/test_image_model.py" line="224" time="0.011" /><testcase classname="test.test_ImSim.test_image_model.TestImageModel" name="test_point_source_rendering" file="test/test_ImSim/test_image_model.py" line="232" time="0.017" /><testcase classname="test.test_ImSim.test_image_model.TestImageModel" name="test_point_source" file="test/test_ImSim/test_image_model.py" line="324" time="0.013" /><testcase classname="test.test_ImSim.test_image_model.TestImageModel" name="test_error_map_source" file="test/test_ImSim/test_image_model.py" line="351" time="0.010" /><testcase classname="test.test_ImSim.test_image_model.TestImageModel" name="test_create_empty" file="test/test_ImSim/test_image_model.py" line="380" time="0.009" /><testcase classname="test.test_ImSim.test_image_model.TestImageModel" name="test_extinction_map" file="test/test_ImSim/test_image_model.py" line="391" time="0.012" /><testcase classname="test.test_ImSim.test_image_model.TestImageModel" name="test_error_response" file="test/test_ImSim/test_image_model.py" line="405" time="0.014" /><testcase classname="test.test_ImSim.test_image_model.TestImageModel" name="test_displace_astrometry" file="test/test_ImSim/test_image_model.py" line="413" time="0.008" /><testcase classname="test.test_ImSim.test_image_model_pixelbased.TestImageModel" name="test_source_surface_brightness" file="test/test_ImSim/test_image_model_pixelbased.py" line="200" time="0.014"><error message="failed on setup with &quot;ModuleNotFoundError: No module named 'slitronomy'&quot;">self = &lt;test.test_ImSim.test_image_model_pixelbased.TestImageModel object at 0x7ab318e74700&gt;

    def setup_method(self):
        # data specifics
        sigma_bkg = 0.05  # background noise per pixel
        exp_time = 100  # exposure time (arbitrary units, flux per pixel is in units #photons/exp_time unit)
        numPix = 100  # cutout pixel size
        deltaPix = 0.05  # pixel size in arcsec (area per pixel = deltaPix**2)
        fwhm = 0.5  # full width half max of PSF
    
        # PSF specification
    
        kwargs_data = sim_util.data_configure_simple(
            numPix, deltaPix, exp_time, sigma_bkg, inverse=True
        )
        data_class = ImageData(**kwargs_data)
        kwargs_psf = {
            "psf_type": "GAUSSIAN",
            "fwhm": fwhm,
            "truncation": 5,
            "pixel_size": deltaPix,
        }
        psf_class = PSF(**kwargs_psf)
        kernel = psf_class.kernel_point_source
        kwargs_psf = {
            "psf_type": "PIXEL",
            "kernel_point_source": kernel,
            "psf_variance_map": np.ones_like(kernel) * 0.001,
        }
        psf_class = PSF(**kwargs_psf)
    
        # 'EXERNAL_SHEAR': external shear
        kwargs_shear = {
            "gamma1": 0.01,
            "gamma2": 0.01,
        }  # gamma_ext: shear strength, psi_ext: shear angel (in radian)
        phi, q = 0.2, 0.8
        e1, e2 = param_util.phi_q2_ellipticity(phi, q)
        kwargs_spemd = {
            "theta_E": 1.0,
            "gamma": 1.8,
            "center_x": 0,
            "center_y": 0,
            "e1": e1,
            "e2": e2,
        }
    
        lens_model_list = ["SPEP", "SHEAR"]
        self.kwargs_lens = [kwargs_spemd, kwargs_shear]
        lens_model_class = LensModel(lens_model_list=lens_model_list)
        # list of light profiles (for lens and source)
        # 'SERSIC': spherical Sersic profile
        kwargs_sersic = {
            "amp": 1.0,
            "R_sersic": 0.1,
            "n_sersic": 2,
            "center_x": 0,
            "center_y": 0,
        }
        # 'SERSIC_ELLIPSE': elliptical Sersic profile
        phi, q = 0.2, 0.9
        e1, e2 = param_util.phi_q2_ellipticity(phi, q)
        kwargs_sersic_ellipse = {
            "amp": 1.0,
            "R_sersic": 0.6,
            "n_sersic": 7,
            "center_x": 0,
            "center_y": 0,
            "e1": e1,
            "e2": e2,
        }
    
        lens_light_model_list = ["SERSIC"]
        kwargs_lens_light_base = [kwargs_sersic]
        lens_light_model_class_base = LightModel(light_model_list=lens_light_model_list)
        source_model_list = ["SERSIC_ELLIPSE"]
        kwargs_source_base = [kwargs_sersic_ellipse]
        source_model_class_base = LightModel(light_model_list=source_model_list)
        self.kwargs_ps = [
            {"ra_source": 0.01, "dec_source": 0.0, "source_amp": 1.0}
        ]  # quasar point source position in the source plane and intrinsic brightness
        point_source_class_base = PointSource(
            point_source_type_list=["SOURCE_POSITION"], fixed_magnification_list=[True]
        )
        kwargs_numerics_base = {
            "supersampling_factor": 2,
            "supersampling_convolution": False,
        }
        imageModel_base = ImageModel(
            data_class,
            psf_class,
            lens_model_class,
            source_model_class_base,
            lens_light_model_class_base,
            point_source_class_base,
            kwargs_numerics=kwargs_numerics_base,
        )
        image_sim = sim_util.simulate_simple(
            imageModel_base,
            self.kwargs_lens,
            kwargs_source_base,
            kwargs_lens_light_base,
            self.kwargs_ps,
        )
        data_class.update_data(image_sim)
    
        # create a starlet light distributions
        n_scales = 6
        source_map = imageModel_base.source_surface_brightness(
            kwargs_source_base, de_lensed=True, unconvolved=True
        )
        starlets_class = SLIT_Starlets(force_no_pysap=_force_no_pysap)
        source_map_starlets = starlets_class.decomposition_2d(source_map, n_scales)
        self.kwargs_source = [
            {
                "amp": source_map_starlets,
                "n_scales": n_scales,
                "n_pixels": numPix,
                "scale": deltaPix,
                "center_x": 0,
                "center_y": 0,
            }
        ]
        source_model_class = LightModel(light_model_list=["SLIT_STARLETS"])
        lens_light_map = imageModel_base.lens_surface_brightness(
            kwargs_lens_light_base, unconvolved=True
        )
        starlets_class = SLIT_Starlets(force_no_pysap=_force_no_pysap, second_gen=True)
        lens_light_starlets = starlets_class.decomposition_2d(lens_light_map, n_scales)
        self.kwargs_lens_light = [
            {
                "amp": lens_light_starlets,
                "n_scales": n_scales,
                "n_pixels": numPix,
                "scale": deltaPix,
                "center_x": 0,
                "center_y": 0,
            }
        ]
        lens_light_model_class = LightModel(light_model_list=["SLIT_STARLETS_GEN2"])
    
        kwargs_numerics = {"supersampling_factor": 1}
        kwargs_pixelbased = {
            "supersampling_factor_source": 2,  # supersampling of pixelated source grid
            # following choices are to minimize pixel solver runtime (not to get accurate reconstruction!)
            "threshold_decrease_type": "none",
            "num_iter_source": 2,
            "num_iter_lens": 2,
            "num_iter_global": 2,
            "num_iter_weights": 2,
        }
&gt;       self.imageModel = ImageLinearFit(
            data_class,
            psf_class,
            lens_model_class,
            source_model_class=source_model_class,
            lens_light_model_class=lens_light_model_class,
            point_source_class=None,
            kwargs_numerics=kwargs_numerics,
            kwargs_pixelbased=kwargs_pixelbased,
        )

test/test_ImSim/test_image_model_pixelbased.py:178: 
_ _ _ _ _ _ _ _ _ _ _ _ _ _ _ _ _ _ _ _ _ _ _ _ _ _ _ _ _ _ _ _ _ _ _ _ _ 
lenstronomy/ImSim/image_linear_solve.py:50: in __init__
    super(ImageLinearFit, self).__init__(
_ _ _ _ _ _ _ _ _ _ _ _ _ _ _ _ _ _ _ _ _ _ _ _ _ _ _ _ _ _ _ _ _ _ _ _ _ 

self = &lt;lenstronomy.ImSim.image_linear_solve.ImageLinearFit object at 0x7ab3015c7130&gt;
data_class = &lt;lenstronomy.Data.imaging_data.ImageData object at 0x7ab3015c66b0&gt;
psf_class = &lt;lenstronomy.Data.psf.PSF object at 0x7ab3015c66e0&gt;
lens_model_class = &lt;lenstronomy.LensModel.lens_model.LensModel object at 0x7ab3015c6740&gt;
source_model_class = &lt;lenstronomy.LightModel.light_model.LightModel object at 0x7ab3015c7010&gt;
lens_light_model_class = &lt;lenstronomy.LightModel.light_model.LightModel object at 0x7ab3015c6f50&gt;
point_source_class = &lt;lenstronomy.PointSource.point_source.PointSource object at 0x7ab3015c7220&gt;
extinction_class = &lt;lenstronomy.ImSim.differential_extinction.DifferentialExtinction object at 0x7ab3015c7310&gt;
kwargs_numerics = {'supersampling_factor': 1}
likelihood_mask = array([[1., 1., 1., ..., 1., 1., 1.],
       [1., 1., 1., ..., 1., 1., 1.],
       [1., 1., 1., ..., 1., 1., 1.],
       ...,
       [1., 1., 1., ..., 1., 1., 1.],
       [1., 1., 1., ..., 1., 1., 1.],
       [1., 1., 1., ..., 1., 1., 1.]])
psf_error_map_bool_list = None
kwargs_pixelbased = {'num_iter_global': 2, 'num_iter_lens': 2, 'num_iter_source': 2, 'num_iter_weights': 2, ...}

    def __init__(
        self,
        data_class,
        psf_class,
        lens_model_class=None,
        source_model_class=None,
        lens_light_model_class=None,
        point_source_class=None,
        extinction_class=None,
        kwargs_numerics=None,
        likelihood_mask=None,
        psf_error_map_bool_list=None,
        kwargs_pixelbased=None,
    ):
        """
        :param data_class: instance of ImageData() or PixelGrid() class
        :param psf_class: instance of PSF() class
        :param lens_model_class: instance of LensModel() class
        :param source_model_class: instance of LightModel() class describing the source parameters
        :param lens_light_model_class: instance of LightModel() class describing the lens light parameters
        :param point_source_class: instance of PointSource() class describing the point sources
        :param extinction_class: instance of DifferentialExtinction() class
        :param kwargs_numerics: keyword arguments with various numeric description (see ImageNumerics class for options)
        :param likelihood_mask: 2d boolean array of pixels to be counted in the likelihood calculation/linear
            optimization
        :param psf_error_map_bool_list: list of boolean of length of point source models.
            Indicates whether PSF error map is used for the point source model stated as the index.
        :param kwargs_pixelbased: keyword arguments with various settings related to the pixel-based solver
            (see SLITronomy documentation)
        """
    
        self.type = "single-band"
        self.num_bands = 1
        self.PSF = psf_class
        self.Data = data_class
        if hasattr(self.Data, "flux_scaling"):
            self._flux_scaling = self.Data.flux_scaling
        else:
            self._flux_scaling = 1
        self.PSF.set_pixel_size(self.Data.pixel_width)
        if kwargs_numerics is None:
            kwargs_numerics = {}
        self.ImageNumerics = NumericsSubFrame(
            pixel_grid=self.Data, psf=self.PSF, **kwargs_numerics
        )
        if lens_model_class is None:
            lens_model_class = LensModel(lens_model_list=[])
        self.LensModel = lens_model_class
        if point_source_class is None:
            point_source_class = PointSource(point_source_type_list=[])
        self.PointSource = point_source_class
        if self.PointSource._lens_model is None:
            self.PointSource.update_lens_model(lens_model_class=lens_model_class)
        x_center, y_center = self.Data.center
        search_window = np.max(self.Data.width)
        # either have the pixel resolution of the window resolved in 200x200 grid
        min_distance = min(self.Data.pixel_width, search_window / 200)
        self.PointSource.update_search_window(
            search_window=search_window,
            x_center=x_center,
            y_center=y_center,
            min_distance=min_distance,
            only_from_unspecified=True,
        )
        self._psf_error_map = self.PSF.psf_variance_map_bool
        if likelihood_mask is None:
            likelihood_mask = np.ones(data_class.num_pixel_axes)
        self.likelihood_mask = np.array(likelihood_mask, dtype=bool)
        self._mask1d = util.image2array(self.likelihood_mask)
    
        if source_model_class is None:
            source_model_class = LightModel(light_model_list=[])
        self.SourceModel = source_model_class
        if lens_light_model_class is None:
            lens_light_model_class = LightModel(light_model_list=[])
        self.LensLightModel = lens_light_model_class
        self._kwargs_numerics = kwargs_numerics
        if extinction_class is None:
            extinction_class = DifferentialExtinction(optical_depth_model=[])
        self._extinction = extinction_class
        if kwargs_pixelbased is None:
            kwargs_pixelbased = {}
        else:
            kwargs_pixelbased = kwargs_pixelbased.copy()
        self._pixelbased_bool = self._detect_pixelbased_models()
        if self._pixelbased_bool is True:
&gt;           from slitronomy.Util.class_util import (
                create_solver_class,
            )  # requirement on SLITronomy is exclusively here
E           ModuleNotFoundError: No module named 'slitronomy'

lenstronomy/ImSim/image_model.py:107: ModuleNotFoundError</error></testcase><testcase classname="test.test_ImSim.test_image_model_pixelbased.TestImageModel" name="test_lens_surface_brightness" file="test/test_ImSim/test_image_model_pixelbased.py" line="222" time="0.016"><error message="failed on setup with &quot;ModuleNotFoundError: No module named 'slitronomy'&quot;">self = &lt;test.test_ImSim.test_image_model_pixelbased.TestImageModel object at 0x7ab318e43250&gt;

    def setup_method(self):
        # data specifics
        sigma_bkg = 0.05  # background noise per pixel
        exp_time = 100  # exposure time (arbitrary units, flux per pixel is in units #photons/exp_time unit)
        numPix = 100  # cutout pixel size
        deltaPix = 0.05  # pixel size in arcsec (area per pixel = deltaPix**2)
        fwhm = 0.5  # full width half max of PSF
    
        # PSF specification
    
        kwargs_data = sim_util.data_configure_simple(
            numPix, deltaPix, exp_time, sigma_bkg, inverse=True
        )
        data_class = ImageData(**kwargs_data)
        kwargs_psf = {
            "psf_type": "GAUSSIAN",
            "fwhm": fwhm,
            "truncation": 5,
            "pixel_size": deltaPix,
        }
        psf_class = PSF(**kwargs_psf)
        kernel = psf_class.kernel_point_source
        kwargs_psf = {
            "psf_type": "PIXEL",
            "kernel_point_source": kernel,
            "psf_variance_map": np.ones_like(kernel) * 0.001,
        }
        psf_class = PSF(**kwargs_psf)
    
        # 'EXERNAL_SHEAR': external shear
        kwargs_shear = {
            "gamma1": 0.01,
            "gamma2": 0.01,
        }  # gamma_ext: shear strength, psi_ext: shear angel (in radian)
        phi, q = 0.2, 0.8
        e1, e2 = param_util.phi_q2_ellipticity(phi, q)
        kwargs_spemd = {
            "theta_E": 1.0,
            "gamma": 1.8,
            "center_x": 0,
            "center_y": 0,
            "e1": e1,
            "e2": e2,
        }
    
        lens_model_list = ["SPEP", "SHEAR"]
        self.kwargs_lens = [kwargs_spemd, kwargs_shear]
        lens_model_class = LensModel(lens_model_list=lens_model_list)
        # list of light profiles (for lens and source)
        # 'SERSIC': spherical Sersic profile
        kwargs_sersic = {
            "amp": 1.0,
            "R_sersic": 0.1,
            "n_sersic": 2,
            "center_x": 0,
            "center_y": 0,
        }
        # 'SERSIC_ELLIPSE': elliptical Sersic profile
        phi, q = 0.2, 0.9
        e1, e2 = param_util.phi_q2_ellipticity(phi, q)
        kwargs_sersic_ellipse = {
            "amp": 1.0,
            "R_sersic": 0.6,
            "n_sersic": 7,
            "center_x": 0,
            "center_y": 0,
            "e1": e1,
            "e2": e2,
        }
    
        lens_light_model_list = ["SERSIC"]
        kwargs_lens_light_base = [kwargs_sersic]
        lens_light_model_class_base = LightModel(light_model_list=lens_light_model_list)
        source_model_list = ["SERSIC_ELLIPSE"]
        kwargs_source_base = [kwargs_sersic_ellipse]
        source_model_class_base = LightModel(light_model_list=source_model_list)
        self.kwargs_ps = [
            {"ra_source": 0.01, "dec_source": 0.0, "source_amp": 1.0}
        ]  # quasar point source position in the source plane and intrinsic brightness
        point_source_class_base = PointSource(
            point_source_type_list=["SOURCE_POSITION"], fixed_magnification_list=[True]
        )
        kwargs_numerics_base = {
            "supersampling_factor": 2,
            "supersampling_convolution": False,
        }
        imageModel_base = ImageModel(
            data_class,
            psf_class,
            lens_model_class,
            source_model_class_base,
            lens_light_model_class_base,
            point_source_class_base,
            kwargs_numerics=kwargs_numerics_base,
        )
        image_sim = sim_util.simulate_simple(
            imageModel_base,
            self.kwargs_lens,
            kwargs_source_base,
            kwargs_lens_light_base,
            self.kwargs_ps,
        )
        data_class.update_data(image_sim)
    
        # create a starlet light distributions
        n_scales = 6
        source_map = imageModel_base.source_surface_brightness(
            kwargs_source_base, de_lensed=True, unconvolved=True
        )
        starlets_class = SLIT_Starlets(force_no_pysap=_force_no_pysap)
        source_map_starlets = starlets_class.decomposition_2d(source_map, n_scales)
        self.kwargs_source = [
            {
                "amp": source_map_starlets,
                "n_scales": n_scales,
                "n_pixels": numPix,
                "scale": deltaPix,
                "center_x": 0,
                "center_y": 0,
            }
        ]
        source_model_class = LightModel(light_model_list=["SLIT_STARLETS"])
        lens_light_map = imageModel_base.lens_surface_brightness(
            kwargs_lens_light_base, unconvolved=True
        )
        starlets_class = SLIT_Starlets(force_no_pysap=_force_no_pysap, second_gen=True)
        lens_light_starlets = starlets_class.decomposition_2d(lens_light_map, n_scales)
        self.kwargs_lens_light = [
            {
                "amp": lens_light_starlets,
                "n_scales": n_scales,
                "n_pixels": numPix,
                "scale": deltaPix,
                "center_x": 0,
                "center_y": 0,
            }
        ]
        lens_light_model_class = LightModel(light_model_list=["SLIT_STARLETS_GEN2"])
    
        kwargs_numerics = {"supersampling_factor": 1}
        kwargs_pixelbased = {
            "supersampling_factor_source": 2,  # supersampling of pixelated source grid
            # following choices are to minimize pixel solver runtime (not to get accurate reconstruction!)
            "threshold_decrease_type": "none",
            "num_iter_source": 2,
            "num_iter_lens": 2,
            "num_iter_global": 2,
            "num_iter_weights": 2,
        }
&gt;       self.imageModel = ImageLinearFit(
            data_class,
            psf_class,
            lens_model_class,
            source_model_class=source_model_class,
            lens_light_model_class=lens_light_model_class,
            point_source_class=None,
            kwargs_numerics=kwargs_numerics,
            kwargs_pixelbased=kwargs_pixelbased,
        )

test/test_ImSim/test_image_model_pixelbased.py:178: 
_ _ _ _ _ _ _ _ _ _ _ _ _ _ _ _ _ _ _ _ _ _ _ _ _ _ _ _ _ _ _ _ _ _ _ _ _ 
lenstronomy/ImSim/image_linear_solve.py:50: in __init__
    super(ImageLinearFit, self).__init__(
_ _ _ _ _ _ _ _ _ _ _ _ _ _ _ _ _ _ _ _ _ _ _ _ _ _ _ _ _ _ _ _ _ _ _ _ _ 

self = &lt;lenstronomy.ImSim.image_linear_solve.ImageLinearFit object at 0x7ab301544d90&gt;
data_class = &lt;lenstronomy.Data.imaging_data.ImageData object at 0x7ab301545870&gt;
psf_class = &lt;lenstronomy.Data.psf.PSF object at 0x7ab301545a50&gt;
lens_model_class = &lt;lenstronomy.LensModel.lens_model.LensModel object at 0x7ab301545930&gt;
source_model_class = &lt;lenstronomy.LightModel.light_model.LightModel object at 0x7ab301544ca0&gt;
lens_light_model_class = &lt;lenstronomy.LightModel.light_model.LightModel object at 0x7ab301544f40&gt;
point_source_class = &lt;lenstronomy.PointSource.point_source.PointSource object at 0x7ab301544a60&gt;
extinction_class = &lt;lenstronomy.ImSim.differential_extinction.DifferentialExtinction object at 0x7ab301544bb0&gt;
kwargs_numerics = {'supersampling_factor': 1}
likelihood_mask = array([[1., 1., 1., ..., 1., 1., 1.],
       [1., 1., 1., ..., 1., 1., 1.],
       [1., 1., 1., ..., 1., 1., 1.],
       ...,
       [1., 1., 1., ..., 1., 1., 1.],
       [1., 1., 1., ..., 1., 1., 1.],
       [1., 1., 1., ..., 1., 1., 1.]])
psf_error_map_bool_list = None
kwargs_pixelbased = {'num_iter_global': 2, 'num_iter_lens': 2, 'num_iter_source': 2, 'num_iter_weights': 2, ...}

    def __init__(
        self,
        data_class,
        psf_class,
        lens_model_class=None,
        source_model_class=None,
        lens_light_model_class=None,
        point_source_class=None,
        extinction_class=None,
        kwargs_numerics=None,
        likelihood_mask=None,
        psf_error_map_bool_list=None,
        kwargs_pixelbased=None,
    ):
        """
        :param data_class: instance of ImageData() or PixelGrid() class
        :param psf_class: instance of PSF() class
        :param lens_model_class: instance of LensModel() class
        :param source_model_class: instance of LightModel() class describing the source parameters
        :param lens_light_model_class: instance of LightModel() class describing the lens light parameters
        :param point_source_class: instance of PointSource() class describing the point sources
        :param extinction_class: instance of DifferentialExtinction() class
        :param kwargs_numerics: keyword arguments with various numeric description (see ImageNumerics class for options)
        :param likelihood_mask: 2d boolean array of pixels to be counted in the likelihood calculation/linear
            optimization
        :param psf_error_map_bool_list: list of boolean of length of point source models.
            Indicates whether PSF error map is used for the point source model stated as the index.
        :param kwargs_pixelbased: keyword arguments with various settings related to the pixel-based solver
            (see SLITronomy documentation)
        """
    
        self.type = "single-band"
        self.num_bands = 1
        self.PSF = psf_class
        self.Data = data_class
        if hasattr(self.Data, "flux_scaling"):
            self._flux_scaling = self.Data.flux_scaling
        else:
            self._flux_scaling = 1
        self.PSF.set_pixel_size(self.Data.pixel_width)
        if kwargs_numerics is None:
            kwargs_numerics = {}
        self.ImageNumerics = NumericsSubFrame(
            pixel_grid=self.Data, psf=self.PSF, **kwargs_numerics
        )
        if lens_model_class is None:
            lens_model_class = LensModel(lens_model_list=[])
        self.LensModel = lens_model_class
        if point_source_class is None:
            point_source_class = PointSource(point_source_type_list=[])
        self.PointSource = point_source_class
        if self.PointSource._lens_model is None:
            self.PointSource.update_lens_model(lens_model_class=lens_model_class)
        x_center, y_center = self.Data.center
        search_window = np.max(self.Data.width)
[...]
            "covmat": kwargs.get("covmat", None),
            "proposal_scale": kwargs.get("proposal_scale", 1),
            "output_every": kwargs.get("output_every", 500),
            "learn_every": kwargs.get("learn_every", 40 * self._num_params),
            "learn_proposal": kwargs.get("learn_proposal", True),
            "learn_proposal_Rminus1_max": kwargs.get("learn_proposal_Rminus1_max", 2),
            "learn_proposal_Rminus1_max_early": kwargs.get(
                "learn_proposal_Rminus1_max_early", 30
            ),
            "learn_proposal_Rminus1_min": kwargs.get("learn_proposal_Rminus1_min", 0),
            "max_samples": kwargs.get("max_samples", np.inf),
            "Rminus1_stop": kwargs.get("Rminus1_stop", 0.01),
            "Rminus1_cl_stop": kwargs.get("Rminus1_cl_stop", 0.2),
            "Rminus1_cl_level": kwargs.get("Rminus1_cl_level", 0.95),
            "Rminus1_single_split": kwargs.get("Rminus1_single_split", 4),
            "measure_speeds": kwargs.get("measure_speeds", True),
            "oversample_power": kwargs.get("oversample_power", 0.4),
            "oversample_thin": kwargs.get("oversample_thin", True),
        }
    
        if "drag" in kwargs:
            raise ValueError(
                "Parameter dragging not possible in a strong lensing likelihood."
            )
    
        # select mcmc as the sampler and pass the relevant kwargs
        info["sampler"] = {"mcmc": mcmc_kwargs}
    
        # where the chains and other files will be saved
        if "path" not in kwargs:
            info["output"] = None
        else:
            info["output"] = kwargs["path"]
    
        # whether or not to overwrite previous chains with the same name (bool)
        if "force_overwrite" not in kwargs:
            info["force"] = True
        else:
            info["force"] = kwargs["force_overwrite"]
    
        # check for mpi
        if "mpi" not in kwargs:
            kwargs["mpi"] = False
    
        # run the sampler
        # we wrap the call to crun to make sure any MPI exceptions are caught properly
        # this ensures the entire run will be terminated if any individual process breaks
&gt;       from cobaya.run import run as crun
E       ModuleNotFoundError: No module named 'cobaya'

lenstronomy/Sampling/Samplers/cobaya_sampler.py:222: ModuleNotFoundError</failure></testcase><testcase classname="test.test_Workflow.test_fitting_sequence.TestFittingSequence" name="test_zeus" file="test/test_Workflow/test_fitting_sequence.py" line="504" time="0.006"><failure message="ModuleNotFoundError: No module named 'zeus'">self = &lt;test.test_Workflow.test_fitting_sequence.TestFittingSequence object at 0x7ab315965330&gt;

    def test_zeus(self):
        np.random.seed(42)
        # we make a very basic lens+source model to feed to check zeus can be run through fitting sequence
        # we don't use the kwargs defined in setup() as those are modified during the tests; using unique kwargs here is safer
    
        # data specifics
        sigma_bkg = 0.05  # background noise per pixel
        exp_time = 100  # exposure time (arbitrary units, flux per pixel is in units #photons/exp_time unit)
        numPix = 10  # cutout pixel size
        deltaPix = 0.05  # pixel size in arcsec (area per pixel = deltaPix**2)
        fwhm = 0.5  # full width half max of PSF
    
        # PSF specification
    
        kwargs_data = sim_util.data_configure_simple(
            numPix, deltaPix, exp_time, sigma_bkg
        )
        data_class = ImageData(**kwargs_data)
        kwargs_psf_gaussian = {
            "psf_type": "GAUSSIAN",
            "fwhm": fwhm,
            "pixel_size": deltaPix,
            "truncation": 3,
        }
        psf_gaussian = PSF(**kwargs_psf_gaussian)
    
        # make a lens
        lens_model_list = ["EPL"]
        kwargs_epl = {
            "theta_E": 0.6,
            "gamma": 2.6,
            "center_x": 0.0,
            "center_y": 0.0,
            "e1": 0.1,
            "e2": 0.1,
        }
        kwargs_lens = [kwargs_epl]
        lens_model_class = LensModel(lens_model_list=lens_model_list)
    
        # make a source
        source_model_list = ["SERSIC_ELLIPSE"]
        kwargs_sersic_ellipse = {
            "amp": 1.0,
            "R_sersic": 0.6,
            "n_sersic": 3,
            "center_x": 0.0,
            "center_y": 0.0,
            "e1": 0.1,
            "e2": 0.1,
        }
        kwargs_source = [kwargs_sersic_ellipse]
        source_model_class = LightModel(light_model_list=source_model_list)
    
        kwargs_numerics = {
            "supersampling_factor": 1,
            "supersampling_convolution": False,
        }
    
        imageModel = ImageModel(
            data_class,
            psf_gaussian,
            lens_model_class,
            source_model_class,
            kwargs_numerics=kwargs_numerics,
        )
        image_sim = sim_util.simulate_simple(imageModel, kwargs_lens, kwargs_source)
    
        data_class.update_data(image_sim)
    
        kwargs_data["image_data"] = image_sim
    
        kwargs_model = {
            "lens_model_list": lens_model_list,
            "source_light_model_list": source_model_list,
        }
    
        lens_fixed = [{}]
        lens_sigma = [
            {
                "theta_E": 0.1,
                "gamma": 0.1,
                "e1": 0.1,
                "e2": 0.1,
                "center_x": 0.1,
                "center_y": 0.1,
            }
        ]
        lens_lower = [
            {
                "theta_E": 0.0,
                "gamma": 1.5,
                "center_x": -2,
                "center_y": -2,
                "e1": -0.4,
                "e2": -0.4,
            }
        ]
        lens_upper = [
            {
                "theta_E": 10.0,
                "gamma": 2.5,
                "center_x": 2,
                "center_y": 2,
                "e1": 0.4,
                "e2": 0.4,
            }
        ]
    
        source_fixed = [{}]
        source_sigma = [
            {
                "R_sersic": 0.05,
                "n_sersic": 0.5,
                "center_x": 0.1,
                "center_y": 0.1,
                "e1": 0.1,
                "e2": 0.1,
            }
        ]
        source_lower = [
            {
                "R_sersic": 0.01,
                "n_sersic": 0.5,
                "center_x": -2,
                "center_y": -2,
                "e1": -0.4,
                "e2": -0.4,
            }
        ]
        source_upper = [
            {
                "R_sersic": 10,
                "n_sersic": 5.5,
                "center_x": 2,
                "center_y": 2,
                "e1": 0.4,
                "e2": 0.4,
            }
        ]
    
        lens_param = [kwargs_lens, lens_sigma, lens_fixed, lens_lower, lens_upper]
        source_param = [
            kwargs_source,
            source_sigma,
            source_fixed,
            source_lower,
            source_upper,
        ]
    
        kwargs_params = {"lens_model": lens_param, "source_model": source_param}
    
        kwargs_constraints = {}
    
        multi_band_list = [[kwargs_data, kwargs_psf_gaussian, kwargs_numerics]]
    
        kwargs_data_joint = {
            "multi_band_list": multi_band_list,
            "multi_band_type": "multi-linear",
        }
    
        kwargs_likelihood = {"source_marg": False}
    
        fittingSequence = FittingSequence(
            kwargs_data_joint,
            kwargs_model,
            kwargs_constraints,
            kwargs_likelihood,
            kwargs_params,
        )
    
        fitting_list = []
    
        kwargs_zeus = {
            "n_burn": 2,
            "n_run": 2,
            "walkerRatio": 4,
            "backend_filename": "test_mcmc_zeus.h5",
        }
    
        fitting_list.append(["zeus", kwargs_zeus])
    
&gt;       chain_list = fittingSequence.fit_sequence(fitting_list)

test/test_Workflow/test_fitting_sequence.py:686: 
_ _ _ _ _ _ _ _ _ _ _ _ _ _ _ _ _ _ _ _ _ _ _ _ _ _ _ _ _ _ _ _ _ _ _ _ _ 
lenstronomy/Workflow/fitting_sequence.py:150: in fit_sequence
    mcmc_output = self.mcmc(**kwargs, sampler_type=fitting_type)
lenstronomy/Workflow/fitting_sequence.py:367: in mcmc
    samples, dist = mcmc_class.mcmc_zeus(
_ _ _ _ _ _ _ _ _ _ _ _ _ _ _ _ _ _ _ _ _ _ _ _ _ _ _ _ _ _ _ _ _ _ _ _ _ 

self = &lt;lenstronomy.Sampling.sampler.Sampler object at 0x7ab3231ea980&gt;
n_walkers = 48, n_run = 2, n_burn = 2
mean_start = array([0.6, 2.6, 0.1, 0.1, 0. , 0. , 0.6, 3. , 0.1, 0.1, 0. , 0. ])
sigma_start = array([0.1 , 0.1 , 0.1 , 0.1 , 0.1 , 0.1 , 0.05, 0.5 , 0.1 , 0.1 , 0.1 ,
       0.1 ])
mpi = False, threadCount = 1, progress = True, initpos = None
backend_filename = 'test_mcmc_zeus.h5', kwargs_zeus = {}

    def mcmc_zeus(
        self,
        n_walkers,
        n_run,
        n_burn,
        mean_start,
        sigma_start,
        mpi=False,
        threadCount=1,
        progress=False,
        initpos=None,
        backend_filename=None,
        **kwargs_zeus
    ):
        """
        Lightning fast MCMC with zeus: https://github.com/minaskar/zeus
    
        For the full list of arguments for the EnsembleSampler and callbacks, see see `the zeus docs &lt;https://zeus-mcmc.readthedocs.io/en/latest/api/sampler.html&gt;`_.
    
        If you use the zeus sampler, you should cite the following papers: 2105.03468, 2002.06212.
    
        :param n_walkers: number of walkers per parameter
        :type n_walkers: integer
        :param n_run: number of sampling steps
        :type n_run: integer
        :param n_burn: number of burn-in steps
        :type n_burn: integer
        :param mean_start: mean of the parameter position of the initialising sample
        :type mean_start: numpy array of length the number of parameters
        :param sigma_start: spread of the parameter values (uncorrelated in each dimension) of the initialising sample
        :type sigma_start: numpy array of length the number of parameters
        :param mpi: if True, initializes an MPIPool to allow for MPI execution of the sampler
        :type mpi: bool
        :param progress:
        :type progress: bool
        :param initpos: initial walker position to start sampling (optional)
        :type initpos: numpy array of size num param x num walkser
        :param backend_filename: name of the HDF5 file where sampling state is saved (through zeus callback function)
        :type backend_filename: string
        :return: samples, ln likelihood value of samples
        :rtype: numpy 2d array, numpy 1d array
        """
&gt;       import zeus
E       ModuleNotFoundError: No module named 'zeus'

lenstronomy/Sampling/sampler.py:283: ModuleNotFoundError</failure></testcase><testcase classname="test.test_Workflow.test_fitting_sequence.TestFittingSequence" name="test_multinest" file="test/test_Workflow/test_fitting_sequence.py" line="687" time="0.006" /><testcase classname="test.test_Workflow.test_fitting_sequence.TestFittingSequence" name="test_dynesty" file="test/test_Workflow/test_fitting_sequence.py" line="748" time="12.561" /><testcase classname="test.test_Workflow.test_fitting_sequence.TestFittingSequence" name="test_nautilus" file="test/test_Workflow/test_fitting_sequence.py" line="775" time="0.006"><failure message="AttributeError: 'NautilusSampler' object has no attribute '_nautilus'">self = &lt;test.test_Workflow.test_fitting_sequence.TestFittingSequence object at 0x7ab31593bfa0&gt;

    def test_nautilus(self):
        np.random.seed(42)
        kwargs_params = copy.deepcopy(self.kwargs_params)
        fittingSequence = FittingSequence(
            self.kwargs_data_joint,
            self.kwargs_model,
            self.kwargs_constraints,
            self.kwargs_likelihood,
            kwargs_params,
        )
    
        fitting_list = []
        kwargs_nautilus = {
            "prior_type": "uniform",
            "verbose": True,
            "f_live": 1.0,
            "n_eff": 0.0,
            "n_live": 2,
            "seed": 42,
        }
    
        fitting_list.append(["Nautilus", kwargs_nautilus])
&gt;       chain_list = fittingSequence.fit_sequence(fitting_list)

test/test_Workflow/test_fitting_sequence.py:798: 
_ _ _ _ _ _ _ _ _ _ _ _ _ _ _ _ _ _ _ _ _ _ _ _ _ _ _ _ _ _ _ _ _ _ _ _ _ 
lenstronomy/Workflow/fitting_sequence.py:191: in fit_sequence
    nautilus = NautilusSampler(
_ _ _ _ _ _ _ _ _ _ _ _ _ _ _ _ _ _ _ _ _ _ _ _ _ _ _ _ _ _ _ _ _ _ _ _ _ 

self = &lt;lenstronomy.Sampling.Samplers.nautilus_sampler.NautilusSampler object at 0x7ab2381e7400&gt;
likelihood_module = &lt;lenstronomy.Sampling.likelihood.LikelihoodModule object at 0x7ab2381e6d10&gt;
prior_type = 'uniform', prior_means = None, prior_sigmas = None
width_scale = 1, sigma_scale = 1, mpi = False
kwargs = {'f_live': 1.0, 'n_eff': 0.0, 'n_live': 2, 'seed': 42, ...}

    def __init__(
        self,
        likelihood_module,
        prior_type="uniform",
        prior_means=None,
        prior_sigmas=None,
        width_scale=1,
        sigma_scale=1,
        mpi=False,
        **kwargs
    ):
        """
        :param likelihood_module: likelihood_module like in likelihood.py (should be callable)
        :param prior_type: 'uniform' of 'gaussian', for converting the unit hypercube to param cube
        :param prior_means: if prior_type is 'gaussian', mean for each param
        :param prior_sigmas: if prior_type is 'gaussian', std dev for each param
        :param width_scale: scale the widths of the parameters space by this factor
        :param sigma_scale: if prior_type is 'gaussian', scale the gaussian sigma by this factor
        :param mpi: Use MPI computing if `True`
        :param kwargs: kwargs directly passed to Sampler
        """
        self._check_install()
        super(NautilusSampler, self).__init__(
            likelihood_module,
            prior_type,
            prior_means,
            prior_sigmas,
            width_scale,
            sigma_scale,
        )
    
        if mpi:
            from schwimmbad import MPIPool
            import sys
    
            # use_dill=True not supported for some versions of schwimmbad
            pool = MPIPool(use_dill=True)
            if not pool.is_master():
                pool.wait()
                sys.exit(0)
            kwargs["pool"] = pool
    
&gt;       keys = [p.name for p in signature(self._nautilus.Sampler).parameters.values()]
E       AttributeError: 'NautilusSampler' object has no attribute '_nautilus'

lenstronomy/Sampling/Samplers/nautilus_sampler.py:59: AttributeError</failure></testcase><testcase classname="test.test_Workflow.test_fitting_sequence.TestFittingSequence" name="test_dypolychord" file="test/test_Workflow/test_fitting_sequence.py" line="799" time="0.008" /><testcase classname="test.test_Workflow.test_fitting_sequence.TestFittingSequence" name="test_minimizer" file="test/test_Workflow/test_fitting_sequence.py" line="828" time="0.018" /><testcase classname="test.test_Workflow.test_flux_calibration.TestImageCalibration" name="test_flux_calibration" file="test/test_Workflow/test_flux_calibration.py" line="98" time="0.910" /><testcase classname="test.test_Workflow.test_multiband_update_manager.TestUpdateManager" name="test_none_mamager" file="test/test_Workflow/test_multiband_update_manager.py" line="45" time="0.001" /><testcase classname="test.test_Workflow.test_multiband_update_manager.TestUpdateManager" name="test_keep_frame_fixed" file="test/test_Workflow/test_multiband_update_manager.py" line="56" time="0.000" /><testcase classname="test.test_Workflow.test_multiband_update_manager.TestUpdateManager" name="test_fix_not_computed" file="test/test_Workflow/test_multiband_update_manager.py" line="66" time="0.000" /><testcase classname="test.test_Workflow.test_psf_fitting.TestPSFIteration" name="test_update_psf" file="test/test_Workflow/test_psf_fitting.py" line="149" time="0.048" /><testcase classname="test.test_Workflow.test_psf_fitting.TestPSFIteration" name="test_calc_corner_mask" file="test/test_Workflow/test_psf_fitting.py" line="218" time="0.022" /><testcase classname="test.test_Workflow.test_psf_fitting.TestPSFIteration" name="test_combine_psf_corner" file="test/test_Workflow/test_psf_fitting.py" line="229" time="0.057" /><testcase classname="test.test_Workflow.test_psf_fitting.TestPSFIteration" name="test_update_iterative" file="test/test_Workflow/test_psf_fitting.py" line="264" time="0.293" /><testcase classname="test.test_Workflow.test_psf_fitting.TestPSFIteration" name="test_mask_point_source" file="test/test_Workflow/test_psf_fitting.py" line="317" time="0.016" /><testcase classname="test.test_Workflow.test_psf_fitting.TestPSFIterationOld" name="test_update_psf" file="test/test_Workflow/test_psf_fitting.py" line="463" time="0.070" /><testcase classname="test.test_Workflow.test_psf_fitting.TestPSFIterationOld" name="test_update_iterative" file="test/test_Workflow/test_psf_fitting.py" line="494" time="0.423" /><testcase classname="test.test_Workflow.test_tracer_model_fit.TestTracerModelFit" name="test_run_fit" file="test/test_Workflow/test_tracer_model_fit.py" line="417" time="0.215" /><testcase classname="test.test_Workflow.test_update_manager.TestUpdateManager" name="test_none_mamager" file="test/test_Workflow/test_update_manager.py" line="42" time="0.001" /><testcase classname="test.test_Workflow.test_update_manager.TestUpdateManager" name="test_init_kwargs" file="test/test_Workflow/test_update_manager.py" line="53" time="0.000" /><testcase classname="test.test_Workflow.test_update_manager.TestUpdateManager" name="test_sigma_kwargs" file="test/test_Workflow/test_update_manager.py" line="57" time="0.000" /><testcase classname="test.test_Workflow.test_update_manager.TestUpdateManager" name="test_update_kwargs_model" file="test/test_Workflow/test_update_manager.py" line="61" time="0.001" /><testcase classname="test.test_Workflow.test_update_manager.TestUpdateManager" name="test_update_parameter_state" file="test/test_Workflow/test_update_manager.py" line="111" time="0.001" /><testcase classname="test.test_Workflow.test_update_manager.TestUpdateManager" name="test_update_param_value" file="test/test_Workflow/test_update_manager.py" line="121" time="0.000" /><testcase classname="test.test_Workflow.test_update_manager.TestUpdateManager" name="test_param_class" file="test/test_Workflow/test_update_manager.py" line="126" time="0.001" /><testcase classname="test.test_Workflow.test_update_manager.TestUpdateManager" name="test_best_fit" file="test/test_Workflow/test_update_manager.py" line="131" time="0.000" /><testcase classname="test.test_Workflow.test_update_manager.TestUpdateManager" name="test_update_options" file="test/test_Workflow/test_update_manager.py" line="135" time="0.000" /><testcase classname="test.test_Workflow.test_update_manager.TestUpdateManager" name="test_update_limits" file="test/test_Workflow/test_update_manager.py" line="150" time="0.000" /><testcase classname="test.test_Workflow.test_update_manager.TestUpdateManager" name="test_update_sigmas" file="test/test_Workflow/test_update_manager.py" line="163" time="0.000" /><testcase classname="test.test_Workflow.test_update_manager.TestUpdateManager" name="test_update_fixed" file="test/test_Workflow/test_update_manager.py" line="176" time="0.001" /><testcase classname="test.test_Workflow.test_update_manager.TestUpdateManager" name="test_update_logsampling" file="test/test_Workflow/test_update_manager.py" line="199" time="0.001" /><testcase classname="test.test_Workflow.test_update_manager.TestUpdateManager" name="test_fix_image_parameters" file="test/test_Workflow/test_update_manager.py" line="207" time="0.000" /><testcase classname="test.test_Workflow.test_update_manager.TestUpdateManager" name="test_check_initial_state" file="test/test_Workflow/test_update_manager.py" line="211" time="0.001" /></testsuite></testsuites>